This is pdfTeX, Version 3.1415926-2.5-1.40.14 (TeX Live 2013) (format=pdflatex 2013.9.6)  16 SEP 2013 10:14
entering extended mode
 \write18 enabled.
 file:line:error style messages enabled.
 %&-line parsing enabled.
**mth.121.fall.2013.tex
(./mth.121.fall.2013.tex
LaTeX2e <2011/06/27>
Babel <3.9f> and hyphenation patterns for 78 languages loaded.
(/usr/local/texlive/2013/texmf-dist/tex/latex/exam/exam.cls
Document Class: exam 2011/05/22 Version 2.4 by Philip Hirschhorn
(/usr/local/texlive/2013/texmf-dist/tex/latex/base/ifthen.sty
Package: ifthen 2001/05/26 v1.1c Standard LaTeX ifthen package (DPC)
)
(/usr/local/texlive/2013/texmf-dist/tex/latex/base/article.cls
Document Class: article 2007/10/19 v1.4h Standard LaTeX document class
(/usr/local/texlive/2013/texmf-dist/tex/latex/base/fleqn.clo
File: fleqn.clo 1998/08/17 v1.1c Standard LaTeX option (flush left equations)
\mathindent=\dimen102
)
(/usr/local/texlive/2013/texmf-dist/tex/latex/base/size12.clo
File: size12.clo 2007/10/19 v1.4h Standard LaTeX file (size option)
)
\c@part=\count79
\c@section=\count80
\c@subsection=\count81
\c@subsubsection=\count82
\c@paragraph=\count83
\c@subparagraph=\count84
\c@figure=\count85
\c@table=\count86
\abovecaptionskip=\skip41
\belowcaptionskip=\skip42
\bibindent=\dimen103
)
\@extrawidth=\skip43
\@rightmargin=\skip44
\@extrahead=\skip45
\@extrafoot=\skip46
\run@exhd=\skip47
\fp@exhd=\skip48
\run@exft=\skip49
\fp@exft=\skip50
\covrun@exhd=\skip51
\covfp@exhd=\skip52
\covrun@exft=\skip53
\covfp@exft=\skip54
\c@num@coverpages=\count87
\c@latest@ques=\count88
\c@ques@end=\count89
\c@last@object=\count90
\c@incmp@ques=\count91
\c@next@ques=\count92
\c@nextq@page=\count93
\c@tmp@hlfcntr=\count94
\c@ifpos@cntr=\count95
\c@question=\count96
\c@partno=\count97
\c@subpart=\count98
\c@subsubpart=\count99
\c@choice=\count100
\c@numpoints=\count101
\c@numbonuspoints=\count102
\c@pointsof@thisquestion=\count103
\c@bonuspointsof@thisquestion=\count104
\c@numquestions=\count105
\c@numparts=\count106
\c@numsubparts=\count107
\c@numsubsubparts=\count108
\c@Curr@Page=\count109
\c@@pagepoints=\count110
\c@@pagebonuspoints=\count111
\c@pageof@pagepoints=\count112
\c@pageof@pagebonuspoints=\count113
\c@latest@points=\count114
\c@latest@bonuspoints=\count115
\pageinfo@commands=\toks14
\temp@toks=\toks15
\pagepoint@commands=\toks16
\point@toks=\toks17
\c@ques@object=\count116
\marginpointssep=\skip55
\rightpointsmargin=\skip56
\choice@toks=\toks18
\answerlinelength=\skip57
\answerskip=\skip58
\answerclearance=\skip59
\linefillheight=\skip60
\linefillthickness=\skip61
\dottedlinefillheight=\skip62
\minboxheight=\skip63
\c@@iterator=\count117
\@cellwidth=\skip64
\c@tbl@points=\count118
\c@tbl@bonuspoints=\count119
\c@num@cols=\count120
\saved@totalleftmargin=\dimen104
\@sollistdepth=\count121
\FrameRule=\dimen105
\FrameSep=\dimen106
)
(/usr/local/texlive/2013/texmf-dist/tex/latex/hyperref/hyperref.sty
Package: hyperref 2012/11/06 v6.83m Hypertext links for LaTeX

(/usr/local/texlive/2013/texmf-dist/tex/generic/oberdiek/hobsub-hyperref.sty
Package: hobsub-hyperref 2012/05/28 v1.13 Bundle oberdiek, subset hyperref (HO)


(/usr/local/texlive/2013/texmf-dist/tex/generic/oberdiek/hobsub-generic.sty
Package: hobsub-generic 2012/05/28 v1.13 Bundle oberdiek, subset generic (HO)
Package: hobsub 2012/05/28 v1.13 Construct package bundles (HO)
Package: infwarerr 2010/04/08 v1.3 Providing info/warning/error messages (HO)
Package: ltxcmds 2011/11/09 v1.22 LaTeX kernel commands for general use (HO)
Package: ifluatex 2010/03/01 v1.3 Provides the ifluatex switch (HO)
Package ifluatex Info: LuaTeX not detected.
Package: ifvtex 2010/03/01 v1.5 Detect VTeX and its facilities (HO)
Package ifvtex Info: VTeX not detected.
Package: intcalc 2007/09/27 v1.1 Expandable calculations with integers (HO)
Package: ifpdf 2011/01/30 v2.3 Provides the ifpdf switch (HO)
Package ifpdf Info: pdfTeX in PDF mode is detected.
Package: etexcmds 2011/02/16 v1.5 Avoid name clashes with e-TeX commands (HO)
Package etexcmds Info: Could not find \expanded.
(etexcmds)             That can mean that you are not using pdfTeX 1.50 or
(etexcmds)             that some package has redefined \expanded.
(etexcmds)             In the latter case, load this package earlier.
Package: kvsetkeys 2012/04/25 v1.16 Key value parser (HO)
Package: kvdefinekeys 2011/04/07 v1.3 Define keys (HO)
Package: pdftexcmds 2011/11/29 v0.20 Utility functions of pdfTeX for LuaTeX (HO
)
Package pdftexcmds Info: LuaTeX not detected.
Package pdftexcmds Info: \pdf@primitive is available.
Package pdftexcmds Info: \pdf@ifprimitive is available.
Package pdftexcmds Info: \pdfdraftmode found.
Package: pdfescape 2011/11/25 v1.13 Implements pdfTeX's escape features (HO)
Package: bigintcalc 2012/04/08 v1.3 Expandable calculations on big integers (HO
)
Package: bitset 2011/01/30 v1.1 Handle bit-vector datatype (HO)
Package: uniquecounter 2011/01/30 v1.2 Provide unlimited unique counter (HO)
)
Package hobsub Info: Skipping package `hobsub' (already loaded).
Package: letltxmacro 2010/09/02 v1.4 Let assignment for LaTeX macros (HO)
Package: hopatch 2012/05/28 v1.2 Wrapper for package hooks (HO)
Package: xcolor-patch 2011/01/30 xcolor patch
Package: atveryend 2011/06/30 v1.8 Hooks at the very end of document (HO)
Package atveryend Info: \enddocument detected (standard20110627).
Package: atbegshi 2011/10/05 v1.16 At begin shipout hook (HO)
Package: refcount 2011/10/16 v3.4 Data extraction from label references (HO)
Package: hycolor 2011/01/30 v1.7 Color options for hyperref/bookmark (HO)
)
(/usr/local/texlive/2013/texmf-dist/tex/latex/graphics/keyval.sty
Package: keyval 1999/03/16 v1.13 key=value parser (DPC)
\KV@toks@=\toks19
)
(/usr/local/texlive/2013/texmf-dist/tex/generic/ifxetex/ifxetex.sty
Package: ifxetex 2010/09/12 v0.6 Provides ifxetex conditional
)
(/usr/local/texlive/2013/texmf-dist/tex/latex/oberdiek/auxhook.sty
Package: auxhook 2011/03/04 v1.3 Hooks for auxiliary files (HO)
)
(/usr/local/texlive/2013/texmf-dist/tex/latex/oberdiek/kvoptions.sty
Package: kvoptions 2011/06/30 v3.11 Key value format for package options (HO)
)
\@linkdim=\dimen107
\Hy@linkcounter=\count122
\Hy@pagecounter=\count123

(/usr/local/texlive/2013/texmf-dist/tex/latex/hyperref/pd1enc.def
File: pd1enc.def 2012/11/06 v6.83m Hyperref: PDFDocEncoding definition (HO)
)
\Hy@SavedSpaceFactor=\count124

(/usr/local/texlive/2013/texmf-dist/tex/latex/latexconfig/hyperref.cfg
File: hyperref.cfg 2002/06/06 v1.2 hyperref configuration of TeXLive
)
Package hyperref Info: Option `colorlinks' set `true' on input line 4319.
Package hyperref Info: Option `hyperindex' set `true' on input line 4319.
Package hyperref Info: Option `plainpages' set `false' on input line 4319.
Package hyperref Info: Hyper figures OFF on input line 4443.
Package hyperref Info: Link nesting OFF on input line 4448.
Package hyperref Info: Hyper index ON on input line 4451.
Package hyperref Info: Plain pages OFF on input line 4458.
Package hyperref Info: Backreferencing OFF on input line 4463.
Package hyperref Info: Implicit mode ON; LaTeX internals redefined.
Package hyperref Info: Bookmarks ON on input line 4688.
\c@Hy@tempcnt=\count125

(/usr/local/texlive/2013/texmf-dist/tex/latex/url/url.sty
\Urlmuskip=\muskip10
Package: url 2006/04/12  ver 3.3  Verb mode for urls, etc.
)
LaTeX Info: Redefining \url on input line 5041.
\XeTeXLinkMargin=\dimen108
\Fld@menulength=\count126
\Field@Width=\dimen109
\Fld@charsize=\dimen110
Package hyperref Info: Hyper figures OFF on input line 6295.
Package hyperref Info: Link nesting OFF on input line 6300.
Package hyperref Info: Hyper index ON on input line 6303.
Package hyperref Info: backreferencing OFF on input line 6310.
Package hyperref Info: Link coloring ON on input line 6313.
Package hyperref Info: Link coloring with OCG OFF on input line 6320.
Package hyperref Info: PDF/A mode OFF on input line 6325.
LaTeX Info: Redefining \ref on input line 6365.
LaTeX Info: Redefining \pageref on input line 6369.
\Hy@abspage=\count127
\c@Item=\count128
\c@Hfootnote=\count129
)

Package hyperref Message: Driver (autodetected): hpdftex.

(/usr/local/texlive/2013/texmf-dist/tex/latex/hyperref/hpdftex.def
File: hpdftex.def 2012/11/06 v6.83m Hyperref driver for pdfTeX
\Fld@listcount=\count130
\c@bookmark@seq@number=\count131

(/usr/local/texlive/2013/texmf-dist/tex/latex/oberdiek/rerunfilecheck.sty
Package: rerunfilecheck 2011/04/15 v1.7 Rerun checks for auxiliary files (HO)
Package uniquecounter Info: New unique counter `rerunfilecheck' on input line 2
82.
)
\Hy@SectionHShift=\skip65
)
(/usr/local/texlive/2013/texmf-dist/tex/latex/graphics/graphicx.sty
Package: graphicx 1999/02/16 v1.0f Enhanced LaTeX Graphics (DPC,SPQR)

(/usr/local/texlive/2013/texmf-dist/tex/latex/graphics/graphics.sty
Package: graphics 2009/02/05 v1.0o Standard LaTeX Graphics (DPC,SPQR)

(/usr/local/texlive/2013/texmf-dist/tex/latex/graphics/trig.sty
Package: trig 1999/03/16 v1.09 sin cos tan (DPC)
)
(/usr/local/texlive/2013/texmf-dist/tex/latex/latexconfig/graphics.cfg
File: graphics.cfg 2010/04/23 v1.9 graphics configuration of TeX Live
)
Package graphics Info: Driver file: pdftex.def on input line 91.

(/usr/local/texlive/2013/texmf-dist/tex/latex/pdftex-def/pdftex.def
File: pdftex.def 2011/05/27 v0.06d Graphics/color for pdfTeX
\Gread@gobject=\count132
))
\Gin@req@height=\dimen111
\Gin@req@width=\dimen112
)
(/usr/local/texlive/2013/texmf-dist/tex/latex/type1cm/type1cm.sty
Package: type1cm 2002/09/05 v0.04 BlueSky/Y&Y Type1 CM font definitions (DPC, p
atched RF)
)
(/usr/local/texlive/2013/texmf-dist/tex/latex/eso-pic/eso-pic.sty
Package: eso-pic 2010/10/06 v2.0c eso-pic (RN)

(/usr/local/texlive/2013/texmf-dist/tex/latex/xcolor/xcolor.sty
Package: xcolor 2007/01/21 v2.11 LaTeX color extensions (UK)

(/usr/local/texlive/2013/texmf-dist/tex/latex/latexconfig/color.cfg
File: color.cfg 2007/01/18 v1.5 color configuration of teTeX/TeXLive
)
Package xcolor Info: Driver file: pdftex.def on input line 225.
Package xcolor Info: Model `cmy' substituted by `cmy0' on input line 1337.
Package xcolor Info: Model `hsb' substituted by `rgb' on input line 1341.
Package xcolor Info: Model `RGB' extended on input line 1353.
Package xcolor Info: Model `HTML' substituted by `rgb' on input line 1355.
Package xcolor Info: Model `Hsb' substituted by `hsb' on input line 1356.
Package xcolor Info: Model `tHsb' substituted by `hsb' on input line 1357.
Package xcolor Info: Model `HSB' substituted by `hsb' on input line 1358.
Package xcolor Info: Model `Gray' substituted by `gray' on input line 1359.
Package xcolor Info: Model `wave' substituted by `hsb' on input line 1360.
))
(/usr/local/texlive/2013/texmf-dist/tex/latex/comment/comment.sty
\CommentStream=\write3

Excluding comment 'comment')
(/usr/local/texlive/2013/texmf-dist/tex/latex/versions/versions.sty
Package: versions 2005/04/28 v0.55 ignore passages optionally (UL)

*** `comment' excluded. ***

Package `Versions' Warning: Redefining environment `comment' on input line 285.


) Excluding comment 'teacher'
(/usr/local/texlive/2013/texmf-dist/tex/latex/cancel/cancel.sty
Package: cancel 2000/03/12 v2.1 Cancel math terms
)
(/usr/local/texlive/2013/texmf-dist/tex/latex/amsfonts/amssymb.sty
Package: amssymb 2013/01/14 v3.01 AMS font symbols

(/usr/local/texlive/2013/texmf-dist/tex/latex/amsfonts/amsfonts.sty
Package: amsfonts 2013/01/14 v3.01 Basic AMSFonts support
\@emptytoks=\toks20
\symAMSa=\mathgroup4
\symAMSb=\mathgroup5
LaTeX Font Info:    Overwriting math alphabet `\mathfrak' in version `bold'
(Font)                  U/euf/m/n --> U/euf/b/n on input line 106.
))
(/usr/local/texlive/2013/texmf-dist/tex/latex/amsmath/amsmath.sty
Package: amsmath 2013/01/14 v2.14 AMS math features
\@mathmargin=\skip66

For additional information on amsmath, use the `?' option.
(/usr/local/texlive/2013/texmf-dist/tex/latex/amsmath/amstext.sty
Package: amstext 2000/06/29 v2.01

(/usr/local/texlive/2013/texmf-dist/tex/latex/amsmath/amsgen.sty
File: amsgen.sty 1999/11/30 v2.0
\@emptytoks=\toks21
\ex@=\dimen113
))
(/usr/local/texlive/2013/texmf-dist/tex/latex/amsmath/amsbsy.sty
Package: amsbsy 1999/11/29 v1.2d
\pmbraise@=\dimen114
)
(/usr/local/texlive/2013/texmf-dist/tex/latex/amsmath/amsopn.sty
Package: amsopn 1999/12/14 v2.01 operator names
)
\inf@bad=\count133
LaTeX Info: Redefining \frac on input line 210.
\uproot@=\count134
\leftroot@=\count135
LaTeX Info: Redefining \overline on input line 306.
\classnum@=\count136
\DOTSCASE@=\count137
LaTeX Info: Redefining \ldots on input line 378.
LaTeX Info: Redefining \dots on input line 381.
LaTeX Info: Redefining \cdots on input line 466.
\Mathstrutbox@=\box26
\strutbox@=\box27
\big@size=\dimen115
LaTeX Font Info:    Redeclaring font encoding OML on input line 566.
LaTeX Font Info:    Redeclaring font encoding OMS on input line 567.
\macc@depth=\count138
\c@MaxMatrixCols=\count139
\dotsspace@=\muskip11
\c@parentequation=\count140
\dspbrk@lvl=\count141
\tag@help=\toks22
\row@=\count142
\column@=\count143
\maxfields@=\count144
\andhelp@=\toks23
\eqnshift@=\dimen116
\alignsep@=\dimen117
\tagshift@=\dimen118
\tagwidth@=\dimen119
\totwidth@=\dimen120
\lineht@=\dimen121
\@envbody=\toks24
\multlinegap=\skip67
\multlinetaggap=\skip68
\mathdisplay@stack=\toks25
LaTeX Info: Redefining \[ on input line 2665.
LaTeX Info: Redefining \] on input line 2666.
)
(/usr/local/texlive/2013/texmf-dist/tex/latex/wasysym/wasysym.sty
Package: wasysym 2003/10/30 v2.0 Wasy-2 symbol support package
\symwasy=\mathgroup6
LaTeX Font Info:    Overwriting symbol font `wasy' in version `bold'
(Font)                  U/wasy/m/n --> U/wasy/b/n on input line 90.
)
(./mth.121.fall.2013.aux

LaTeX Warning: Label `question@1' multiply defined.


LaTeX Warning: Label `question@2' multiply defined.


LaTeX Warning: Label `question@3' multiply defined.


LaTeX Warning: Label `question@1' multiply defined.


LaTeX Warning: Label `question@2' multiply defined.


LaTeX Warning: Label `question@3' multiply defined.


LaTeX Warning: Label `question@4' multiply defined.


LaTeX Warning: Label `question@5' multiply defined.


LaTeX Warning: Label `question@6' multiply defined.


LaTeX Warning: Label `question@7' multiply defined.


LaTeX Warning: Label `question@8' multiply defined.


LaTeX Warning: Label `question@1' multiply defined.


LaTeX Warning: Label `question@2' multiply defined.


LaTeX Warning: Label `question@3' multiply defined.


LaTeX Warning: Label `question@4' multiply defined.


LaTeX Warning: Label `question@5' multiply defined.


LaTeX Warning: Label `question@6' multiply defined.


LaTeX Warning: Label `question@1' multiply defined.


LaTeX Warning: Label `question@2' multiply defined.


LaTeX Warning: Label `question@3' multiply defined.


LaTeX Warning: Label `question@1' multiply defined.


LaTeX Warning: Label `question@2' multiply defined.


LaTeX Warning: Label `question@3' multiply defined.


LaTeX Warning: Label `question@4' multiply defined.


LaTeX Warning: Label `question@5' multiply defined.


LaTeX Warning: Label `question@6' multiply defined.


LaTeX Warning: Label `question@7' multiply defined.


LaTeX Warning: Label `question@8' multiply defined.


LaTeX Warning: Label `question@9' multiply defined.


LaTeX Warning: Label `question@10' multiply defined.


LaTeX Warning: Label `question@11' multiply defined.


LaTeX Warning: Label `question@12' multiply defined.


LaTeX Warning: Label `question@13' multiply defined.


LaTeX Warning: Label `question@14' multiply defined.


LaTeX Warning: Label `question@15' multiply defined.


LaTeX Warning: Label `question@16' multiply defined.


LaTeX Warning: Label `question@1' multiply defined.


LaTeX Warning: Label `question@2' multiply defined.


LaTeX Warning: Label `question@3' multiply defined.


LaTeX Warning: Label `question@4' multiply defined.


LaTeX Warning: Label `question@5' multiply defined.


LaTeX Warning: Label `question@1' multiply defined.


LaTeX Warning: Label `question@2' multiply defined.


LaTeX Warning: Label `question@3' multiply defined.


LaTeX Warning: Label `question@4' multiply defined.


LaTeX Warning: Label `question@1' multiply defined.


LaTeX Warning: Label `question@2' multiply defined.


LaTeX Warning: Label `question@3' multiply defined.


LaTeX Warning: Label `question@4' multiply defined.


LaTeX Warning: Label `question@5' multiply defined.


LaTeX Warning: Label `question@6' multiply defined.


LaTeX Warning: Label `question@7' multiply defined.


LaTeX Warning: Label `question@1' multiply defined.


LaTeX Warning: Label `question@2' multiply defined.


LaTeX Warning: Label `question@3' multiply defined.


LaTeX Warning: Label `question@4' multiply defined.


LaTeX Warning: Label `question@5' multiply defined.


LaTeX Warning: Label `question@6' multiply defined.


LaTeX Warning: Label `question@7' multiply defined.


LaTeX Warning: Label `question@8' multiply defined.


LaTeX Warning: Label `question@2' multiply defined.


LaTeX Warning: Label `question@1' multiply defined.


LaTeX Warning: Label `question@2' multiply defined.


LaTeX Warning: Label `question@3' multiply defined.


LaTeX Warning: Label `question@4' multiply defined.


LaTeX Warning: Label `question@5' multiply defined.


LaTeX Warning: Label `question@6' multiply defined.


LaTeX Warning: Label `question@1' multiply defined.


LaTeX Warning: Label `question@2' multiply defined.


LaTeX Warning: Label `question@3' multiply defined.


LaTeX Warning: Label `question@4' multiply defined.


LaTeX Warning: Label `question@5' multiply defined.


LaTeX Warning: Label `question@6' multiply defined.


LaTeX Warning: Label `question@7' multiply defined.


LaTeX Warning: Label `question@8' multiply defined.


LaTeX Warning: Label `question@9' multiply defined.


LaTeX Warning: Label `question@10' multiply defined.


LaTeX Warning: Label `question@11' multiply defined.


LaTeX Warning: Label `question@12' multiply defined.


LaTeX Warning: Label `question@13' multiply defined.


LaTeX Warning: Label `question@14' multiply defined.


LaTeX Warning: Label `question@1' multiply defined.


LaTeX Warning: Label `question@2' multiply defined.


LaTeX Warning: Label `question@3' multiply defined.


LaTeX Warning: Label `question@4' multiply defined.


LaTeX Warning: Label `question@5' multiply defined.


LaTeX Warning: Label `question@6' multiply defined.


LaTeX Warning: Label `question@7' multiply defined.


LaTeX Warning: Label `question@8' multiply defined.


LaTeX Warning: Label `question@1' multiply defined.


LaTeX Warning: Label `question@2' multiply defined.


LaTeX Warning: Label `question@3' multiply defined.


LaTeX Warning: Label `question@4' multiply defined.


LaTeX Warning: Label `question@1' multiply defined.


LaTeX Warning: Label `question@2' multiply defined.


LaTeX Warning: Label `question@3' multiply defined.


LaTeX Warning: Label `question@4' multiply defined.


LaTeX Warning: Label `question@1' multiply defined.


LaTeX Warning: Label `question@2' multiply defined.


LaTeX Warning: Label `question@3' multiply defined.


LaTeX Warning: Label `question@4' multiply defined.


LaTeX Warning: Label `question@5' multiply defined.


LaTeX Warning: Label `question@6' multiply defined.


LaTeX Warning: Label `question@7' multiply defined.


LaTeX Warning: Label `question@8' multiply defined.


LaTeX Warning: Label `question@9' multiply defined.


LaTeX Warning: Label `question@10' multiply defined.


LaTeX Warning: Label `question@11' multiply defined.


LaTeX Warning: Label `question@1' multiply defined.


LaTeX Warning: Label `question@2' multiply defined.


LaTeX Warning: Label `question@1' multiply defined.


LaTeX Warning: Label `question@2' multiply defined.


LaTeX Warning: Label `question@3' multiply defined.


LaTeX Warning: Label `question@4' multiply defined.


LaTeX Warning: Label `question@5' multiply defined.


LaTeX Warning: Label `question@6' multiply defined.


LaTeX Warning: Label `question@7' multiply defined.


LaTeX Warning: Label `question@1' multiply defined.


LaTeX Warning: Label `question@2' multiply defined.


LaTeX Warning: Label `question@3' multiply defined.


LaTeX Warning: Label `question@4' multiply defined.


LaTeX Warning: Label `question@5' multiply defined.


LaTeX Warning: Label `question@6' multiply defined.


LaTeX Warning: Label `question@7' multiply defined.


LaTeX Warning: Label `question@1' multiply defined.


LaTeX Warning: Label `question@2' multiply defined.


LaTeX Warning: Label `question@3' multiply defined.


LaTeX Warning: Label `question@4' multiply defined.


LaTeX Warning: Label `question@5' multiply defined.


LaTeX Warning: Label `question@6' multiply defined.


LaTeX Warning: Label `question@7' multiply defined.


LaTeX Warning: Label `question@1' multiply defined.


LaTeX Warning: Label `question@2' multiply defined.


LaTeX Warning: Label `question@3' multiply defined.


LaTeX Warning: Label `question@4' multiply defined.


LaTeX Warning: Label `question@5' multiply defined.


LaTeX Warning: Label `question@6' multiply defined.


LaTeX Warning: Label `question@7' multiply defined.


LaTeX Warning: Label `question@1' multiply defined.


LaTeX Warning: Label `question@2' multiply defined.


LaTeX Warning: Label `question@3' multiply defined.


LaTeX Warning: Label `question@4' multiply defined.


LaTeX Warning: Label `question@5' multiply defined.


LaTeX Warning: Label `question@6' multiply defined.


LaTeX Warning: Label `question@1' multiply defined.


LaTeX Warning: Label `question@2' multiply defined.


LaTeX Warning: Label `question@3' multiply defined.


LaTeX Warning: Label `question@4' multiply defined.


LaTeX Warning: Label `question@5' multiply defined.


LaTeX Warning: Label `question@6' multiply defined.


LaTeX Warning: Label `part@6@1' multiply defined.


LaTeX Warning: Label `part@6@2' multiply defined.


LaTeX Warning: Label `question@7' multiply defined.


LaTeX Warning: Label `part@7@1' multiply defined.


LaTeX Warning: Label `part@7@2' multiply defined.


LaTeX Warning: Label `part@7@3' multiply defined.


LaTeX Warning: Label `question@8' multiply defined.


LaTeX Warning: Label `question@1' multiply defined.


LaTeX Warning: Label `question@2' multiply defined.


LaTeX Warning: Label `question@3' multiply defined.


LaTeX Warning: Label `question@4' multiply defined.


LaTeX Warning: Label `question@5' multiply defined.


LaTeX Warning: Label `question@6' multiply defined.


LaTeX Warning: Label `question@7' multiply defined.


LaTeX Warning: Label `question@8' multiply defined.


LaTeX Warning: Label `question@9' multiply defined.


LaTeX Warning: Label `question@10' multiply defined.


LaTeX Warning: Label `question@1' multiply defined.


LaTeX Warning: Label `question@2' multiply defined.


LaTeX Warning: Label `question@3' multiply defined.


LaTeX Warning: Label `question@4' multiply defined.


LaTeX Warning: Label `question@5' multiply defined.


LaTeX Warning: Label `question@6' multiply defined.


LaTeX Warning: Label `question@7' multiply defined.


LaTeX Warning: Label `question@1' multiply defined.


LaTeX Warning: Label `question@2' multiply defined.


LaTeX Warning: Label `question@1' multiply defined.


LaTeX Warning: Label `question@2' multiply defined.


LaTeX Warning: Label `question@3' multiply defined.


LaTeX Warning: Label `question@4' multiply defined.


LaTeX Warning: Label `question@1' multiply defined.


LaTeX Warning: Label `question@2' multiply defined.


LaTeX Warning: Label `question@3' multiply defined.


LaTeX Warning: Label `question@4' multiply defined.


LaTeX Warning: Label `question@1' multiply defined.


LaTeX Warning: Label `question@2' multiply defined.


LaTeX Warning: Label `question@3' multiply defined.


LaTeX Warning: Label `question@1' multiply defined.


LaTeX Warning: Label `question@2' multiply defined.


LaTeX Warning: Label `question@3' multiply defined.


LaTeX Warning: Label `question@4' multiply defined.


LaTeX Warning: Label `question@1' multiply defined.


LaTeX Warning: Label `question@2' multiply defined.


LaTeX Warning: Label `question@3' multiply defined.


LaTeX Warning: Label `question@4' multiply defined.


LaTeX Warning: Label `question@5' multiply defined.


LaTeX Warning: Label `question@6' multiply defined.


LaTeX Warning: Label `question@7' multiply defined.


LaTeX Warning: Label `question@8' multiply defined.


LaTeX Warning: Label `question@1' multiply defined.


LaTeX Warning: Label `question@2' multiply defined.


LaTeX Warning: Label `question@3' multiply defined.


LaTeX Warning: Label `question@4' multiply defined.


LaTeX Warning: Label `question@5' multiply defined.


LaTeX Warning: Label `question@6' multiply defined.


LaTeX Warning: Label `question@7' multiply defined.


LaTeX Warning: Label `question@8' multiply defined.


LaTeX Warning: Label `question@9' multiply defined.


LaTeX Warning: Label `question@10' multiply defined.


LaTeX Warning: Label `question@11' multiply defined.


LaTeX Warning: Label `question@12' multiply defined.


LaTeX Warning: Label `question@1' multiply defined.


LaTeX Warning: Label `question@2' multiply defined.


LaTeX Warning: Label `question@3' multiply defined.


LaTeX Warning: Label `question@4' multiply defined.


LaTeX Warning: Label `question@5' multiply defined.


LaTeX Warning: Label `question@6' multiply defined.


LaTeX Warning: Label `question@7' multiply defined.


LaTeX Warning: Label `question@1' multiply defined.


LaTeX Warning: Label `question@2' multiply defined.


LaTeX Warning: Label `question@3' multiply defined.


LaTeX Warning: Label `question@4' multiply defined.


LaTeX Warning: Label `question@5' multiply defined.


LaTeX Warning: Label `question@6' multiply defined.


LaTeX Warning: Label `question@7' multiply defined.


LaTeX Warning: Label `question@8' multiply defined.


LaTeX Warning: Label `question@1' multiply defined.


LaTeX Warning: Label `part@1@1' multiply defined.


LaTeX Warning: Label `part@1@2' multiply defined.


LaTeX Warning: Label `part@1@1' multiply defined.


LaTeX Warning: Label `part@1@2' multiply defined.


LaTeX Warning: Label `question@2' multiply defined.


LaTeX Warning: Label `question@3' multiply defined.


LaTeX Warning: Label `question@4' multiply defined.


LaTeX Warning: Label `question@5' multiply defined.


LaTeX Warning: Label `question@1' multiply defined.


LaTeX Warning: Label `question@2' multiply defined.


LaTeX Warning: Label `question@3' multiply defined.


LaTeX Warning: Label `question@4' multiply defined.


LaTeX Warning: Label `question@5' multiply defined.


LaTeX Warning: Label `question@6' multiply defined.


LaTeX Warning: Label `question@7' multiply defined.


LaTeX Warning: Label `question@8' multiply defined.


LaTeX Warning: Label `question@9' multiply defined.


LaTeX Warning: Label `question@10' multiply defined.


LaTeX Warning: Label `question@11' multiply defined.


LaTeX Warning: Label `question@12' multiply defined.


LaTeX Warning: Label `question@13' multiply defined.


LaTeX Warning: Label `part@13@1' multiply defined.


LaTeX Warning: Label `part@13@2' multiply defined.


LaTeX Warning: Label `question@1' multiply defined.


LaTeX Warning: Label `part@1@1' multiply defined.


LaTeX Warning: Label `part@1@2' multiply defined.


LaTeX Warning: Label `part@1@3' multiply defined.


LaTeX Warning: Label `question@2' multiply defined.


LaTeX Warning: Label `part@2@1' multiply defined.


LaTeX Warning: Label `part@2@2' multiply defined.


LaTeX Warning: Label `part@2@3' multiply defined.


LaTeX Warning: Label `question@3' multiply defined.


LaTeX Warning: Label `part@3@1' multiply defined.


LaTeX Warning: Label `part@3@2' multiply defined.


LaTeX Warning: Label `part@3@3' multiply defined.


LaTeX Warning: Label `question@4' multiply defined.


LaTeX Warning: Label `question@5' multiply defined.


LaTeX Warning: Label `part@5@1' multiply defined.


LaTeX Warning: Label `part@5@2' multiply defined.


LaTeX Warning: Label `part@5@3' multiply defined.


LaTeX Warning: Label `part@5@4' multiply defined.


LaTeX Warning: Label `part@5@5' multiply defined.


LaTeX Warning: Label `question@1' multiply defined.


LaTeX Warning: Label `question@2' multiply defined.


LaTeX Warning: Label `question@3' multiply defined.


LaTeX Warning: Label `question@1' multiply defined.


LaTeX Warning: Label `question@2' multiply defined.


LaTeX Warning: Label `question@1' multiply defined.


LaTeX Warning: Label `question@2' multiply defined.


LaTeX Warning: Label `question@3' multiply defined.


LaTeX Warning: Label `question@4' multiply defined.


LaTeX Warning: Label `question@5' multiply defined.


LaTeX Warning: Label `question@6' multiply defined.


LaTeX Warning: Label `question@7' multiply defined.


LaTeX Warning: Label `question@8' multiply defined.


LaTeX Warning: Label `question@9' multiply defined.


LaTeX Warning: Label `question@1' multiply defined.


LaTeX Warning: Label `question@2' multiply defined.


LaTeX Warning: Label `question@3' multiply defined.


LaTeX Warning: Label `part@3@1' multiply defined.


LaTeX Warning: Label `part@3@2' multiply defined.


LaTeX Warning: Label `part@3@3' multiply defined.


LaTeX Warning: Label `part@3@4' multiply defined.


LaTeX Warning: Label `question@4' multiply defined.


LaTeX Warning: Label `question@5' multiply defined.


LaTeX Warning: Label `part@5@1' multiply defined.


LaTeX Warning: Label `part@5@2' multiply defined.


LaTeX Warning: Label `part@5@3' multiply defined.


LaTeX Warning: Label `question@1' multiply defined.


LaTeX Warning: Label `question@2' multiply defined.


LaTeX Warning: Label `question@3' multiply defined.


LaTeX Warning: Label `question@4' multiply defined.


LaTeX Warning: Label `question@1' multiply defined.


LaTeX Warning: Label `question@2' multiply defined.


LaTeX Warning: Label `question@3' multiply defined.


LaTeX Warning: Label `question@4' multiply defined.


LaTeX Warning: Label `question@5' multiply defined.


LaTeX Warning: Label `question@6' multiply defined.


LaTeX Warning: Label `question@7' multiply defined.


LaTeX Warning: Label `question@8' multiply defined.


LaTeX Warning: Label `question@9' multiply defined.


LaTeX Warning: Label `question@10' multiply defined.


LaTeX Warning: Label `question@1' multiply defined.


LaTeX Warning: Label `question@2' multiply defined.


LaTeX Warning: Label `question@3' multiply defined.


LaTeX Warning: Label `question@1' multiply defined.


LaTeX Warning: Label `part@1@1' multiply defined.


LaTeX Warning: Label `part@1@2' multiply defined.


LaTeX Warning: Label `part@1@3' multiply defined.


LaTeX Warning: Label `question@2' multiply defined.


LaTeX Warning: Label `part@2@1' multiply defined.


LaTeX Warning: Label `part@2@2' multiply defined.


LaTeX Warning: Label `question@1' multiply defined.


LaTeX Warning: Label `question@2' multiply defined.


LaTeX Warning: Label `question@3' multiply defined.


LaTeX Warning: Label `question@4' multiply defined.


LaTeX Warning: Label `question@5' multiply defined.


LaTeX Warning: Label `question@6' multiply defined.


LaTeX Warning: Label `question@7' multiply defined.


LaTeX Warning: Label `question@8' multiply defined.


LaTeX Warning: Label `question@1' multiply defined.


LaTeX Warning: Label `question@2' multiply defined.


LaTeX Warning: Label `question@3' multiply defined.


LaTeX Warning: Label `question@1' multiply defined.


LaTeX Warning: Label `part@1@1' multiply defined.


LaTeX Warning: Label `part@1@2' multiply defined.


LaTeX Warning: Label `question@2' multiply defined.


LaTeX Warning: Label `question@3' multiply defined.


LaTeX Warning: Label `question@1' multiply defined.


LaTeX Warning: Label `question@2' multiply defined.


LaTeX Warning: Label `question@3' multiply defined.


LaTeX Warning: Label `question@4' multiply defined.


LaTeX Warning: Label `question@1' multiply defined.


LaTeX Warning: Label `question@2' multiply defined.


LaTeX Warning: Label `question@1' multiply defined.

)
\openout1 = `mth.121.fall.2013.aux'.

LaTeX Font Info:    Checking defaults for OML/cmm/m/it on input line 58.
LaTeX Font Info:    ... okay on input line 58.
LaTeX Font Info:    Checking defaults for T1/cmr/m/n on input line 58.
LaTeX Font Info:    ... okay on input line 58.
LaTeX Font Info:    Checking defaults for OT1/cmr/m/n on input line 58.
LaTeX Font Info:    ... okay on input line 58.
LaTeX Font Info:    Checking defaults for OMS/cmsy/m/n on input line 58.
LaTeX Font Info:    ... okay on input line 58.
LaTeX Font Info:    Checking defaults for OMX/cmex/m/n on input line 58.
LaTeX Font Info:    ... okay on input line 58.
LaTeX Font Info:    Checking defaults for U/cmr/m/n on input line 58.
LaTeX Font Info:    ... okay on input line 58.
LaTeX Font Info:    Checking defaults for PD1/pdf/m/n on input line 58.
LaTeX Font Info:    ... okay on input line 58.
\AtBeginShipoutBox=\box28
Package hyperref Info: Link coloring ON on input line 58.
 (/usr/local/texlive/2013/texmf-dist/tex/latex/hyperref/nameref.sty
Package: nameref 2012/10/27 v2.43 Cross-referencing by name of section

(/usr/local/texlive/2013/texmf-dist/tex/generic/oberdiek/gettitlestring.sty
Package: gettitlestring 2010/12/03 v1.4 Cleanup title references (HO)
)
\c@section@level=\count145
)
LaTeX Info: Redefining \ref on input line 58.
LaTeX Info: Redefining \pageref on input line 58.
LaTeX Info: Redefining \nameref on input line 58.

(./mth.121.fall.2013.out) (./mth.121.fall.2013.out)
\@outlinefile=\write4
\openout4 = `mth.121.fall.2013.out'.


(/usr/local/texlive/2013/texmf-dist/tex/context/base/supp-pdf.mkii
[Loading MPS to PDF converter (version 2006.09.02).]
\scratchcounter=\count146
\scratchdimen=\dimen122
\scratchbox=\box29
\nofMPsegments=\count147
\nofMParguments=\count148
\everyMPshowfont=\toks26
\MPscratchCnt=\count149
\MPscratchDim=\dimen123
\MPnumerator=\count150
\makeMPintoPDFobject=\count151
\everyMPtoPDFconversion=\toks27
) (/usr/local/texlive/2013/texmf-dist/tex/latex/oberdiek/epstopdf-base.sty
Package: epstopdf-base 2010/02/09 v2.5 Base part for package epstopdf

(/usr/local/texlive/2013/texmf-dist/tex/latex/oberdiek/grfext.sty
Package: grfext 2010/08/19 v1.1 Manage graphics extensions (HO)
)
Package grfext Info: Graphics extension search list:
(grfext)             [.png,.pdf,.jpg,.mps,.jpeg,.jbig2,.jb2,.PNG,.PDF,.JPG,.JPE
G,.JBIG2,.JB2,.eps]
(grfext)             \AppendGraphicsExtensions on input line 452.

(/usr/local/texlive/2013/texmf-dist/tex/latex/latexconfig/epstopdf-sys.cfg
File: epstopdf-sys.cfg 2010/07/13 v1.3 Configuration of (r)epstopdf for TeX Liv
e
))
(./mth.121.fall.2013.toc
LaTeX Font Info:    Try loading font information for U+wasy on input line 5.

(/usr/local/texlive/2013/texmf-dist/tex/latex/wasysym/uwasy.fd
File: uwasy.fd 2003/10/30 v2.0 Wasy-2 symbol font definitions
) [1{/usr/local/texlive/2013/texmf-var/fonts/map/pdftex/updmap/pdftex.map}

] [2] [3] [4] [5])
\tf@toc=\write5
\openout5 = `mth.121.fall.2013.toc'.


[6] [7] [8] [9] [10] [11] [12]
Overfull \hbox (4.05084pt too wide) in paragraph at lines 235--236
\OT1/cmr/bx/n/12 Solution:\OT1/cmr/m/n/12 The do-main of $[]$ is $[]$; and the 
do-main of $[]$ is $[]  \OMS/cmsy/m/n/12 [
 []

[13] [14] [15] <./graphics/graph10.pdf, id=1246, 879.285pt x 644.4075pt>
File: ./graphics/graph10.pdf Graphic file (type pdf)

<use ./graphics/graph10.pdf>
Package pdftex.def Info: ./graphics/graph10.pdf used on input line 347.
(pdftex.def)             Requested size: 234.8775pt x 172.13394pt.
 [16 <./graphics/graph10.pdf>] [17] [18] [19]
[20]
Overfull \hbox (5.41634pt too wide) in alignment at lines 562--568
 [][][] []
 []

[21] [22] <./graphics/graph20.pdf, id=1312, 879.285pt x 644.4075pt>
File: ./graphics/graph20.pdf Graphic file (type pdf)

<use ./graphics/graph20.pdf>
Package pdftex.def Info: ./graphics/graph20.pdf used on input line 653.
(pdftex.def)             Requested size: 234.8775pt x 172.13394pt.
 [23]
<./graphics/graph30.pdf, id=1327, 879.285pt x 630.355pt>
File: ./graphics/graph30.pdf Graphic file (type pdf)

<use ./graphics/graph30.pdf>
Package pdftex.def Info: ./graphics/graph30.pdf used on input line 690.
(pdftex.def)             Requested size: 234.8775pt x 168.38023pt.
 [24 <./graphics/graph20.pdf>] [25 <./graphics/graph30.pdf>] [26] [27] <./graph
ics/graph40.pdf, id=1383, 879.285pt x 630.355pt>
File: ./graphics/graph40.pdf Graphic file (type pdf)

<use ./graphics/graph40.pdf>
Package pdftex.def Info: ./graphics/graph40.pdf used on input line 830.
(pdftex.def)             Requested size: 234.8775pt x 168.38023pt.
 [28] [29 <./graphics/graph40.pdf>] [30] [31]
[32] [33] [34] [35] [36] [37]
<./graphics/graph101.pdf, id=1506, 744.7825pt x 524.96124pt>
File: ./graphics/graph101.pdf Graphic file (type pdf)

<use ./graphics/graph101.pdf>
Package pdftex.def Info: ./graphics/graph101.pdf used on input line 1212.
(pdftex.def)             Requested size: 234.8775pt x 165.55591pt.
 [38 <./graphics/graph101.pdf>] [39] [40] [41]
[42] [43] [44] [45]
<./graphics/graph0201.pdf, id=1585, 707.64375pt x 491.8375pt>
File: ./graphics/graph0201.pdf Graphic file (type pdf)

<use ./graphics/graph0201.pdf>
Package pdftex.def Info: ./graphics/graph0201.pdf used on input line 1899.
(pdftex.def)             Requested size: 289.07999pt x 200.9192pt.

<graphics/graph020101.pdf, id=1588, 829.0975pt x 534.99875pt>
File: graphics/graph020101.pdf Graphic file (type pdf)

<use graphics/graph020101.pdf>
Package pdftex.def Info: graphics/graph020101.pdf used on input line 1911.
(pdftex.def)             Requested size: 289.07999pt x 186.53398pt.
 [46 <./graphics/graph0201.pdf>] [47 <./graphics/graph020101.pdf>] <graphics/gr
aph020102.pdf, id=1633, 829.0975pt x 531.9875pt>
File: graphics/graph020102.pdf Graphic file (type pdf)

<use graphics/graph020102.pdf>
Package pdftex.def Info: graphics/graph020102.pdf used on input line 1953.
(pdftex.def)             Requested size: 289.07999pt x 185.48407pt.
 [48 <./graphics/graph020102.pdf>] [49]
<./graphics/graph_money.pdf, id=1664, 829.0975pt x 531.9875pt>
File: ./graphics/graph_money.pdf Graphic file (type pdf)

<use ./graphics/graph_money.pdf>
Package pdftex.def Info: ./graphics/graph_money.pdf used on input line 2043.
(pdftex.def)             Requested size: 289.07999pt x 185.48407pt.
 [50]
LaTeX Font Info:    Font shape `OMS/cmr/m/n' in size <12> not available
(Font)              Font shape `OMS/cmsy/m/n' tried instead on input line 2077.

 [51 <./graphics/graph_money.pdf>]
[52] <./graphics/graph020104.pdf, id=1709, 829.0975pt x 517.935pt>
File: ./graphics/graph020104.pdf Graphic file (type pdf)

<use ./graphics/graph020104.pdf>
Package pdftex.def Info: ./graphics/graph020104.pdf used on input line 2331.
(pdftex.def)             Requested size: 289.07999pt x 180.58449pt.
 [53]
Underfull \vbox (badness 10000) detected at line 2373
 []


Underfull \vbox (badness 6461) detected at line 2373
 []

[54 <./graphics/graph020104.pdf>]
<./graphics/graph020105.pdf, id=1739, 1158.3275pt x 565.11125pt>
File: ./graphics/graph020105.pdf Graphic file (type pdf)

<use ./graphics/graph020105.pdf>
Package pdftex.def Info: ./graphics/graph020105.pdf used on input line 2411.
(pdftex.def)             Requested size: 289.07999pt x 141.02739pt.
 [55]
<./graphics/graph020106.pdf, id=1753, 1487.5575pt x 595.22375pt>
File: ./graphics/graph020106.pdf Graphic file (type pdf)

<use ./graphics/graph020106.pdf>
Package pdftex.def Info: ./graphics/graph020106.pdf used on input line 2459.
(pdftex.def)             Requested size: 289.07999pt x 115.664pt.
 [56 <./graphics/graph020105.pdf>] [57 <./graphics/graph020106.pdf>]
<./graphics/graph020107.pdf, id=1797, 1487.5575pt x 595.22375pt>
File: ./graphics/graph020107.pdf Graphic file (type pdf)

<use ./graphics/graph020107.pdf>
Package pdftex.def Info: ./graphics/graph020107.pdf used on input line 2526.
(pdftex.def)             Requested size: 289.07999pt x 115.664pt.
 [58 <./graphics/graph020107.pdf>]
<./graphics/graph020108.pdf, id=1821, 1487.5575pt x 595.22375pt>
File: ./graphics/graph020108.pdf Graphic file (type pdf)

<use ./graphics/graph020108.pdf>
Package pdftex.def Info: ./graphics/graph020108.pdf used on input line 2550.
(pdftex.def)             Requested size: 289.07999pt x 115.664pt.
File: ./graphics/graph020108.pdf Graphic file (type pdf)
 <use ./graphics/graph020108.pdf>
Package pdftex.def Info: ./graphics/graph020108.pdf used on input line 2571.
(pdftex.def)             Requested size: 289.07999pt x 115.664pt.
 [59 <./graphics/graph020108.pdf>] [60]
<./graphics/227_limit.pdf, id=1860, 144.17865pt x 101.19815pt>
File: ./graphics/227_limit.pdf Graphic file (type pdf)

<use ./graphics/227_limit.pdf>
Package pdftex.def Info: ./graphics/227_limit.pdf used on input line 2634.
(pdftex.def)             Requested size: 289.07999pt x 202.93314pt.
 [61 <./graphics/227_limit.pdf>] [62] [63]
[64] [65] [66] [67] [68]
Overfull \hbox (8.00696pt too wide) in paragraph at lines 3269--3270
\OT1/cmr/m/n/12 should be able to con-vince your-self that its do-main is $\U/m
sb/m/n/12 R$ \OT1/cmr/m/n/12 and its range is $[]$.
 []

<./graphics/graph0401.pdf, id=1934, 707.64375pt x 431.6125pt>
File: ./graphics/graph0401.pdf Graphic file (type pdf)

<use ./graphics/graph0401.pdf>
Package pdftex.def Info: ./graphics/graph0401.pdf used on input line 3301.
(pdftex.def)             Requested size: 289.07999pt x 176.31685pt.
 [69] [70 <./graphics/graph0401.pdf>] [71]
[72] [73] [74] [75] <./graphics/new005.pdf, id=1997, 1487.5575pt x 608.2725pt>
File: ./graphics/new005.pdf Graphic file (type pdf)

<use ./graphics/new005.pdf>
Package pdftex.def Info: ./graphics/new005.pdf used on input line 3882.
(pdftex.def)             Requested size: 289.07999pt x 118.19963pt.
 [76] [77 <./graphics/new005.pdf>] [78]
<./graphics/graph0602.pdf, id=2038, 879.285pt x 749.80125pt>
File: ./graphics/graph0602.pdf Graphic file (type pdf)

<use ./graphics/graph0602.pdf>
Package pdftex.def Info: ./graphics/graph0602.pdf used on input line 4209.
(pdftex.def)             Requested size: 144.54pt x 123.25423pt.
 [79 <./graphics/graph0602.pdf>]
<./graphics/graph0601.pdf, id=2059, 707.64375pt x 491.8375pt>
File: ./graphics/graph0601.pdf Graphic file (type pdf)

<use ./graphics/graph0601.pdf>
Package pdftex.def Info: ./graphics/graph0601.pdf used on input line 4271.
(pdftex.def)             Requested size: 144.54pt x 100.4596pt.

<./graphics/graph0603.pdf, id=2061, 938.50626pt x 797.98125pt>
File: ./graphics/graph0603.pdf Graphic file (type pdf)

<use ./graphics/graph0603.pdf>
Package pdftex.def Info: ./graphics/graph0603.pdf used on input line 4285.
(pdftex.def)             Requested size: 289.07999pt x 245.78873pt.
 [80 <./graphics/graph0601.pdf>] [81 <./graphics/graph0603.pdf>] <./graphics/gr
aphst01.pdf, id=2108, 829.0975pt x 526.96875pt>
File: ./graphics/graphst01.pdf Graphic file (type pdf)

<use ./graphics/graphst01.pdf>
Package pdftex.def Info: ./graphics/graphst01.pdf used on input line 4365.
(pdftex.def)             Requested size: 144.54pt x 91.86711pt.

<./graphics/graphst03.pdf, id=2109, 829.0975pt x 526.96875pt>
File: ./graphics/graphst03.pdf Graphic file (type pdf)

<use ./graphics/graphst03.pdf>
Package pdftex.def Info: ./graphics/graphst03.pdf used on input line 4366.
(pdftex.def)             Requested size: 144.54pt x 91.86711pt.

<./graphics/graphst02.pdf, id=2110, 829.0975pt x 526.96875pt>
File: ./graphics/graphst02.pdf Graphic file (type pdf)

<use ./graphics/graphst02.pdf>
Package pdftex.def Info: ./graphics/graphst02.pdf used on input line 4367.
(pdftex.def)             Requested size: 144.54pt x 91.86711pt.
 [82] [83 <./graphics/graphst01.pdf> <./graphics/graphst03.pdf> <./graphics/gra
phst02.pdf>]
<./graphics/graphst2030201.pdf, id=2166, 829.0975pt x 526.96875pt>
File: ./graphics/graphst2030201.pdf Graphic file (type pdf)

<use ./graphics/graphst2030201.pdf>
Package pdftex.def Info: ./graphics/graphst2030201.pdf used on input line 4407.

(pdftex.def)             Requested size: 144.54pt x 91.86711pt.

<./graphics/graphst20302.pdf, id=2167, 829.0975pt x 526.96875pt>
File: ./graphics/graphst20302.pdf Graphic file (type pdf)

<use ./graphics/graphst20302.pdf>
Package pdftex.def Info: ./graphics/graphst20302.pdf used on input line 4408.
(pdftex.def)             Requested size: 144.54pt x 91.86711pt.

<./graphics/graphst20303.pdf, id=2168, 829.0975pt x 526.96875pt>
File: ./graphics/graphst20303.pdf Graphic file (type pdf)

<use ./graphics/graphst20303.pdf>
Package pdftex.def Info: ./graphics/graphst20303.pdf used on input line 4409.
(pdftex.def)             Requested size: 144.54pt x 91.86711pt.
 [84 <./graphics/graphst2030201.pdf> <./graphics/graphst20302.pdf> <./graphics/
graphst20303.pdf>] [85] [86] [87]
<graphics/graph0740.pdf, id=2236, 879.285pt x 630.355pt>
File: graphics/graph0740.pdf Graphic file (type pdf)

<use graphics/graph0740.pdf>
Package pdftex.def Info: graphics/graph0740.pdf used on input line 4751.
(pdftex.def)             Requested size: 281.85587pt x 202.05437pt.

<./graphics/graph0750.pdf, id=2237, 879.285pt x 745.78625pt>
File: ./graphics/graph0750.pdf Graphic file (type pdf)

<use ./graphics/graph0750.pdf>
Package pdftex.def Info: ./graphics/graph0750.pdf used on input line 4766.
(pdftex.def)             Requested size: 281.85587pt x 239.05476pt.
 [88] [89 <./graphics/graph0740.pdf> <./graphics/graph0750.pdf>] [90] [91] [92]
 [93]
<./graphics/graph0803.pdf, id=2310, 879.285pt x 720.6925pt>
File: ./graphics/graph0803.pdf Graphic file (type pdf)

<use ./graphics/graph0803.pdf>
Package pdftex.def Info: ./graphics/graph0803.pdf used on input line 5173.
(pdftex.def)             Requested size: 216.81pt x 177.69838pt.
 [94 <./graphics/graph0803.pdf>] [95] [96]
[97] [98] [99] [100]
<./graphics/graph0901.pdf, id=2372, 884.30376pt x 497.86pt>
File: ./graphics/graph0901.pdf Graphic file (type pdf)

<use ./graphics/graph0901.pdf>
Package pdftex.def Info: ./graphics/graph0901.pdf used on input line 5547.
(pdftex.def)             Requested size: 361.34999pt x 203.44022pt.
 [101 <./graphics/graph0901.pdf>] [102] [103]
[104] [105] [106] [107] [108]
<./graphics/graph1005.pdf, id=2457, 879.285pt x 749.80125pt>
File: ./graphics/graph1005.pdf Graphic file (type pdf)

<use ./graphics/graph1005.pdf>
Package pdftex.def Info: ./graphics/graph1005.pdf used on input line 6138.
(pdftex.def)             Requested size: 289.07999pt x 246.50845pt.
 [109] [110 <./graphics/graph1005.pdf>] [111]
[112] [113] [114] [115] [116] [117]
<./graphics/graph1301.pdf, id=2536, 829.0975pt x 534.99875pt>
File: ./graphics/graph1301.pdf Graphic file (type pdf)

<use ./graphics/graph1301.pdf>
Package pdftex.def Info: ./graphics/graph1301.pdf used on input line 6901.
(pdftex.def)             Requested size: 289.07999pt x 186.53398pt.
 [118] [119 <./graphics/graph1301.pdf>]
<./graphics/graph1401.pdf, id=2569, 878.28125pt x 495.8525pt>
File: ./graphics/graph1401.pdf Graphic file (type pdf)

<use ./graphics/graph1401.pdf>
Package pdftex.def Info: ./graphics/graph1401.pdf used on input line 7173.
(pdftex.def)             Requested size: 289.07999pt x 163.20813pt.
 [120 <./graphics/graph1401.pdf>] [121] [122]
[123] [124] [125]
<./graphics/graph1501.pdf, id=2631, 707.64375pt x 491.8375pt>
File: ./graphics/graph1501.pdf Graphic file (type pdf)

<use ./graphics/graph1501.pdf>
Package pdftex.def Info: ./graphics/graph1501.pdf used on input line 7604.
(pdftex.def)             Requested size: 289.07999pt x 200.9192pt.
 [126] [127 <./graphics/graph1501.pdf>] [128]
<./graphics/mathematica15.pdf, id=2701, 187.70125pt x 95.35625pt>
File: ./graphics/mathematica15.pdf Graphic file (type pdf)

<use ./graphics/mathematica15.pdf>
Package pdftex.def Info: ./graphics/mathematica15.pdf used on input line 7773.
(pdftex.def)             Requested size: 216.81pt x 110.1506pt.
 [129 <./graphics/mathematica15.pdf>]
[130] <./graphics/graph1606.pdf, id=2760, 829.0975pt x 538.01pt>
File: ./graphics/graph1606.pdf Graphic file (type pdf)

<use ./graphics/graph1606.pdf>
Package pdftex.def Info: ./graphics/graph1606.pdf used on input line 7977.
(pdftex.def)             Requested size: 289.07999pt x 187.5839pt.
 [131 <./graphics/graph1606.pdf>]
<./graphics/graph1601.pdf, id=2781, 772.8875pt x 491.8375pt>
File: ./graphics/graph1601.pdf Graphic file (type pdf)

<use ./graphics/graph1601.pdf>
Package pdftex.def Info: ./graphics/graph1601.pdf used on input line 8026.
(pdftex.def)             Requested size: 289.07999pt x 183.9583pt.
 [132]
<./graphics/graph1602.pdf, id=2788, 772.8875pt x 491.8375pt>
File: ./graphics/graph1602.pdf Graphic file (type pdf)

<use ./graphics/graph1602.pdf>
Package pdftex.def Info: ./graphics/graph1602.pdf used on input line 8069.
(pdftex.def)             Requested size: 289.07999pt x 183.9583pt.
 [133 <./graphics/graph1601.pdf>] [134 <./graphics/graph1602.pdf>] <./graphics/
graph1603.pdf, id=2838, 772.8875pt x 491.8375pt>
File: ./graphics/graph1603.pdf Graphic file (type pdf)

<use ./graphics/graph1603.pdf>
Package pdftex.def Info: ./graphics/graph1603.pdf used on input line 8124.
(pdftex.def)             Requested size: 289.07999pt x 183.9583pt.
 [135 <./graphics/graph1603.pdf>]
<./graphics/graph1604.pdf, id=2863, 772.8875pt x 491.8375pt>
File: ./graphics/graph1604.pdf Graphic file (type pdf)

<use ./graphics/graph1604.pdf>
Package pdftex.def Info: ./graphics/graph1604.pdf used on input line 8178.
(pdftex.def)             Requested size: 289.07999pt x 183.9583pt.
 [136 <./graphics/graph1604.pdf>] [137] [138]
<./graphics/graph1605.pdf, id=2910, 744.7825pt x 556.0775pt>
File: ./graphics/graph1605.pdf Graphic file (type pdf)

<use ./graphics/graph1605.pdf>
Package pdftex.def Info: ./graphics/graph1605.pdf used on input line 8309.
(pdftex.def)             Requested size: 289.07999pt x 215.84265pt.
 [139 <./graphics/graph1605.pdf>] [140]
<./graphics/graph1701.pdf, id=2938, 707.64375pt x 505.89pt>
File: ./graphics/graph1701.pdf Graphic file (type pdf)

<use ./graphics/graph1701.pdf>
Package pdftex.def Info: ./graphics/graph1701.pdf used on input line 8549.
(pdftex.def)             Requested size: 216.81pt x 154.99481pt.
 [141 <./graphics/graph1701.pdf>] [142] [143]
[144] <./graphics/graph1702.pdf, id=2983, 707.64375pt x 488.82625pt>
File: ./graphics/graph1702.pdf Graphic file (type pdf)

<use ./graphics/graph1702.pdf>
Package pdftex.def Info: ./graphics/graph1702.pdf used on input line 8778.
(pdftex.def)             Requested size: 289.07999pt x 199.68909pt.
 [145] [146 <./graphics/graph1702.pdf>]
<./graphics/graph1703.pdf, id=3013, 707.64375pt x 491.8375pt>
File: ./graphics/graph1703.pdf Graphic file (type pdf)

<use ./graphics/graph1703.pdf>
Package pdftex.def Info: ./graphics/graph1703.pdf used on input line 8825.
(pdftex.def)             Requested size: 187.90244pt x 130.59898pt.

<./graphics/graph1704.pdf, id=3014, 707.64375pt x 491.8375pt>
File: ./graphics/graph1704.pdf Graphic file (type pdf)

<use ./graphics/graph1704.pdf>
Package pdftex.def Info: ./graphics/graph1704.pdf used on input line 8825.
(pdftex.def)             Requested size: 187.90244pt x 130.59898pt.
 [147 <./graphics/graph1703.pdf> <./graphics/graph1704.pdf>] [148]
<./graphics/graph1705.pdf, id=3062, 707.64375pt x 491.8375pt>
File: ./graphics/graph1705.pdf Graphic file (type pdf)

<use ./graphics/graph1705.pdf>
Package pdftex.def Info: ./graphics/graph1705.pdf used on input line 8924.
(pdftex.def)             Requested size: 216.81pt x 150.68939pt.

Underfull \vbox (badness 5359) detected at line 8964
 []

[149 <./graphics/graph1705.pdf>] [150] [151] [152] [153]
<./graphics/graph1801.pdf, id=3125, 879.285pt x 749.80125pt>
File: ./graphics/graph1801.pdf Graphic file (type pdf)

<use ./graphics/graph1801.pdf>
Package pdftex.def Info: ./graphics/graph1801.pdf used on input line 9179.
(pdftex.def)             Requested size: 361.34999pt x 308.12985pt.
 [154 <./graphics/graph1801.pdf>] [155]
<./graphics/graph1802.pdf, id=3155, 707.64375pt x 505.89pt>
File: ./graphics/graph1802.pdf Graphic file (type pdf)

<use ./graphics/graph1802.pdf>
Package pdftex.def Info: ./graphics/graph1802.pdf used on input line 9253.
(pdftex.def)             Requested size: 361.34999pt x 258.3324pt.
 [156 <./graphics/graph1802.pdf>] [157]
<./graphics/graph1803.pdf, id=3183, 707.64375pt x 497.86pt>
File: ./graphics/graph1803.pdf Graphic file (type pdf)

<use ./graphics/graph1803.pdf>
Package pdftex.def Info: ./graphics/graph1803.pdf used on input line 9374.
(pdftex.def)             Requested size: 361.34999pt x 254.23189pt.
 [158] [159 <./graphics/graph1803.pdf>] [160]
[161] <./graphics/graph1901.pdf, id=3225, 879.285pt x 749.80125pt>
File: ./graphics/graph1901.pdf Graphic file (type pdf)

<use ./graphics/graph1901.pdf>
Package pdftex.def Info: ./graphics/graph1901.pdf used on input line 9591.
(pdftex.def)             Requested size: 144.54pt x 123.25423pt.
 [162 <./graphics/graph1901.pdf>]
Underfull \vbox (badness 1043) detected at line 9662
 []

[163] [164] [165] [166]
<./graphics/graph2001.pdf, id=3282, 707.64375pt x 494.84875pt>
File: ./graphics/graph2001.pdf Graphic file (type pdf)

<use ./graphics/graph2001.pdf>
Package pdftex.def Info: ./graphics/graph2001.pdf used on input line 9874.
(pdftex.def)             Requested size: 216.81pt x 151.61198pt.

<./graphics/graph2002.pdf, id=3286, 707.64375pt x 494.84875pt>
File: ./graphics/graph2002.pdf Graphic file (type pdf)

<use ./graphics/graph2002.pdf>
Package pdftex.def Info: ./graphics/graph2002.pdf used on input line 9883.
(pdftex.def)             Requested size: 72.26999pt x 50.53732pt.

<./graphics/graph2003.pdf, id=3287, 707.64375pt x 494.84875pt>
File: ./graphics/graph2003.pdf Graphic file (type pdf)

<use ./graphics/graph2003.pdf>
Package pdftex.def Info: ./graphics/graph2003.pdf used on input line 9885.
(pdftex.def)             Requested size: 72.26999pt x 50.53732pt.
 [167 <./graphics/graph2001.pdf> <./graphics/graph2002.pdf> <./graphics/graph20
03.pdf>] [168] [169] [170] [171]

Package hyperref Warning: Token not allowed in a PDF string (PDFDocEncoding):
(hyperref)                removing `math shift' on input line 10157.


Package hyperref Warning: Token not allowed in a PDF string (PDFDocEncoding):
(hyperref)                removing `math shift' on input line 10157.

<./graphics/graph2101.pdf, id=3373, 707.64375pt x 505.89pt>
File: ./graphics/graph2101.pdf Graphic file (type pdf)

<use ./graphics/graph2101.pdf>
Package pdftex.def Info: ./graphics/graph2101.pdf used on input line 10177.
(pdftex.def)             Requested size: 289.07999pt x 206.65974pt.
 [172 <./graphics/graph2101.pdf>]
<./graphics/graph2102.pdf, id=3396, 707.64375pt x 505.89pt>
File: ./graphics/graph2102.pdf Graphic file (type pdf)

<use ./graphics/graph2102.pdf>
Package pdftex.def Info: ./graphics/graph2102.pdf used on input line 10191.
(pdftex.def)             Requested size: 289.07999pt x 206.65974pt.
 [173 <./graphics/graph2102.pdf>] [174] [175]
[176] <./graphics/graph21011.pdf, id=3462, 707.64375pt x 463.7325pt>
File: ./graphics/graph21011.pdf Graphic file (type pdf)

<use ./graphics/graph21011.pdf>
Package pdftex.def Info: ./graphics/graph21011.pdf used on input line 10358.
(pdftex.def)             Requested size: 289.07999pt x 189.4381pt.
 [177 <./graphics/graph21011.pdf>]
<./graphics/graph2104.pdf, id=3485, 785.93625pt x 498.86375pt>
File: ./graphics/graph2104.pdf Graphic file (type pdf)

<use ./graphics/graph2104.pdf>
Package pdftex.def Info: ./graphics/graph2104.pdf used on input line 10388.
(pdftex.def)             Requested size: 252.94499pt x 160.5531pt.
 [178 <./graphics/graph2104.pdf>]
<./graphics/graph2103.pdf, id=3506, 707.64375pt x 463.7325pt>
File: ./graphics/graph2103.pdf Graphic file (type pdf)

<use ./graphics/graph2103.pdf>
Package pdftex.def Info: ./graphics/graph2103.pdf used on input line 10423.
(pdftex.def)             Requested size: 252.94499pt x 165.75479pt.
 [179 <./graphics/graph2103.pdf>]
<./graphics/graph2115.pdf, id=3530, 707.64375pt x 491.8375pt>
File: ./graphics/graph2115.pdf Graphic file (type pdf)

<use ./graphics/graph2115.pdf>
Package pdftex.def Info: ./graphics/graph2115.pdf used on input line 10661.
(pdftex.def)             Requested size: 289.07999pt x 200.9192pt.
 [180 <./graphics/graph2115.pdf>] [181] [182]
[183] [184] <./graphics/graph2105.pdf, id=3581, 879.285pt x 749.80125pt>
File: ./graphics/graph2105.pdf Graphic file (type pdf)

<use ./graphics/graph2105.pdf>
Package pdftex.def Info: ./graphics/graph2105.pdf used on input line 10897.
(pdftex.def)             Requested size: 180.67499pt x 154.06493pt.
 [185 <./graphics/graph2105.pdf>]
<./graphics/graph21012.pdf, id=3601, 707.64375pt x 491.8375pt>
File: ./graphics/graph21012.pdf Graphic file (type pdf)

<use ./graphics/graph21012.pdf>
Package pdftex.def Info: ./graphics/graph21012.pdf used on input line 11047.
(pdftex.def)             Requested size: 289.07999pt x 200.9192pt.
 [186 <./graphics/graph21012.pdf>] [187]
[188] <./graphics/graph121040401.pdf, id=3638, 829.0975pt x 525.965pt>
File: ./graphics/graph121040401.pdf Graphic file (type pdf)

<use ./graphics/graph121040401.pdf>
Package pdftex.def Info: ./graphics/graph121040401.pdf used on input line 11176
.
(pdftex.def)             Requested size: 216.81pt x 137.53416pt.

<./graphics/graph121040402.pdf, id=3641, 829.0975pt x 525.965pt>
File: ./graphics/graph121040402.pdf Graphic file (type pdf)

<use ./graphics/graph121040402.pdf>
Package pdftex.def Info: ./graphics/graph121040402.pdf used on input line 11196
.
(pdftex.def)             Requested size: 216.81pt x 137.53416pt.
 [189 <./graphics/graph121040401.pdf>]
<./graphics/graph121040403.pdf, id=3666, 829.0975pt x 523.9575pt>
File: ./graphics/graph121040403.pdf Graphic file (type pdf)

<use ./graphics/graph121040403.pdf>
Package pdftex.def Info: ./graphics/graph121040403.pdf used on input line 11216
.
(pdftex.def)             Requested size: 216.81pt x 137.00923pt.

<./graphics/graph2114.pdf, id=3669, 879.285pt x 745.78625pt>
File: ./graphics/graph2114.pdf Graphic file (type pdf)

<use ./graphics/graph2114.pdf>
Package pdftex.def Info: ./graphics/graph2114.pdf used on input line 11233.
(pdftex.def)             Requested size: 216.81pt x 183.88565pt.
 [190 <./graphics/graph121040402.pdf> <./graphics/graph121040403.pdf>] [191 <./
graphics/graph2114.pdf>] [192] [193]
<./graphics/graph2201.pdf, id=3735, 707.64375pt x 491.8375pt>
File: ./graphics/graph2201.pdf Graphic file (type pdf)

<use ./graphics/graph2201.pdf>
Package pdftex.def Info: ./graphics/graph2201.pdf used on input line 11579.
(pdftex.def)             Requested size: 216.81pt x 150.68939pt.
 [194 <./graphics/graph2201.pdf>]
<./graphics/graph2203.pdf, id=3755, 707.64375pt x 464.73625pt>
File: ./graphics/graph2203.pdf Graphic file (type pdf)

<use ./graphics/graph2203.pdf>
Package pdftex.def Info: ./graphics/graph2203.pdf used on input line 11619.
(pdftex.def)             Requested size: 216.81pt x 142.38611pt.
 [195 <./graphics/graph2203.pdf>] [196] [197]
[198] <./graphics/graph2204.pdf, id=3803, 707.64375pt x 464.73625pt>
File: ./graphics/graph2204.pdf Graphic file (type pdf)

<use ./graphics/graph2204.pdf>
Package pdftex.def Info: ./graphics/graph2204.pdf used on input line 11813.
(pdftex.def)             Requested size: 216.81pt x 142.38611pt.
 [199] [200 <./graphics/graph2204.pdf>]
<./graphics/graph29201.pdf, id=3836, 829.0975pt x 531.9875pt>
File: ./graphics/graph29201.pdf Graphic file (type pdf)

<use ./graphics/graph29201.pdf>
Package pdftex.def Info: ./graphics/graph29201.pdf used on input line 12026.
(pdftex.def)             Requested size: 289.07999pt x 185.48407pt.
 [201 <./graphics/graph29201.pdf>]
<./graphics/graph2301.pdf, id=3858, 707.64375pt x 488.82625pt>
File: ./graphics/graph2301.pdf Graphic file (type pdf)

<use ./graphics/graph2301.pdf>
Package pdftex.def Info: ./graphics/graph2301.pdf used on input line 12086.
(pdftex.def)             Requested size: 289.07999pt x 199.68909pt.
 [202] [203 <./graphics/graph2301.pdf>]
<./graphics/graph2302.pdf, id=3895, 707.64375pt x 480.79625pt>
File: ./graphics/graph2302.pdf Graphic file (type pdf)

<use ./graphics/graph2302.pdf>
Package pdftex.def Info: ./graphics/graph2302.pdf used on input line 12165.
(pdftex.def)             Requested size: 289.07999pt x 196.40877pt.
 [204 <./graphics/graph2302.pdf>]
<./graphics/graph2113.pdf, id=3918, 879.285pt x 749.80125pt>
File: ./graphics/graph2113.pdf Graphic file (type pdf)

<use ./graphics/graph2113.pdf>
Package pdftex.def Info: ./graphics/graph2113.pdf used on input line 12212.
(pdftex.def)             Requested size: 216.81pt x 184.87561pt.

<./graphics/graph2305.pdf, id=3924, 879.285pt x 749.80125pt>
File: ./graphics/graph2305.pdf Graphic file (type pdf)

<use ./graphics/graph2305.pdf>
Package pdftex.def Info: ./graphics/graph2305.pdf used on input line 12230.
(pdftex.def)             Requested size: 289.07999pt x 246.50845pt.
 [205] [206 <./graphics/graph2113.pdf> <./graphics/graph2305.pdf>] [207] [208]
<./graphics/graph2401.pdf, id=3974, 707.64375pt x 432.61626pt>
File: ./graphics/graph2401.pdf Graphic file (type pdf)

<use ./graphics/graph2401.pdf>
Package pdftex.def Info: ./graphics/graph2401.pdf used on input line 12516.
(pdftex.def)             Requested size: 180.67499pt x 110.451pt.
 [209 <./graphics/graph2401.pdf>]
<./graphics/graph2402.pdf, id=3997, 707.64375pt x 432.61626pt>
File: ./graphics/graph2402.pdf Graphic file (type pdf)

<use ./graphics/graph2402.pdf>
Package pdftex.def Info: ./graphics/graph2402.pdf used on input line 12544.
(pdftex.def)             Requested size: 180.67499pt x 110.451pt.
 [210 <./graphics/graph2402.pdf>]
<./graphics/graph2403.pdf, id=4019, 707.64375pt x 494.84875pt>
File: ./graphics/graph2403.pdf Graphic file (type pdf)

<use ./graphics/graph2403.pdf>
Package pdftex.def Info: ./graphics/graph2403.pdf used on input line 12569.
(pdftex.def)             Requested size: 180.67499pt x 126.33955pt.
 [211 <./graphics/graph2403.pdf>]
<./graphics/graph2404.pdf, id=4042, 707.64375pt x 494.84875pt>
File: ./graphics/graph2404.pdf Graphic file (type pdf)

<use ./graphics/graph2404.pdf>
Package pdftex.def Info: ./graphics/graph2404.pdf used on input line 12606.
(pdftex.def)             Requested size: 289.07999pt x 202.14932pt.
 [212 <./graphics/graph2404.pdf>] [213] [214]
<./graphics/image2501.pdf, id=4072, 805.0075pt x 282.05376pt>
File: ./graphics/image2501.pdf Graphic file (type pdf)

<use ./graphics/image2501.pdf>
Package pdftex.def Info: ./graphics/image2501.pdf used on input line 12754.
(pdftex.def)             Requested size: 433.62pt x 151.92801pt.

<./graphics/graph2501.pdf, id=4075, 829.0975pt x 538.01pt>
File: ./graphics/graph2501.pdf Graphic file (type pdf)

<use ./graphics/graph2501.pdf>
Package pdftex.def Info: ./graphics/graph2501.pdf used on input line 12766.
(pdftex.def)             Requested size: 216.81pt x 140.6838pt.
 [215 <./graphics/image2501.pdf>]
<./graphics/graph2502.pdf, id=4097, 829.0975pt x 538.01pt>
File: ./graphics/graph2502.pdf Graphic file (type pdf)

<use ./graphics/graph2502.pdf>
Package pdftex.def Info: ./graphics/graph2502.pdf used on input line 12805.
(pdftex.def)             Requested size: 289.07999pt x 187.5839pt.
 [216 <./graphics/graph2501.pdf>] [217 <./graphics/graph2502.pdf>]
<./graphics/LearningNewtonsMethod.pdf, id=4145, 622.24469pt x 336.05548pt>
File: ./graphics/LearningNewtonsMethod.pdf Graphic file (type pdf)

<use ./graphics/LearningNewtonsMethod.pdf>
Package pdftex.def Info: ./graphics/LearningNewtonsMethod.pdf used on input lin
e 12856.
(pdftex.def)             Requested size: 289.07999pt x 156.12573pt.
 [218 <./graphics/LearningNewtonsMethod.pdf>] <./graphics/graph2503.pdf, id=416
4, 829.0975pt x 534.99875pt>
File: ./graphics/graph2503.pdf Graphic file (type pdf)

<use ./graphics/graph2503.pdf>
Package pdftex.def Info: ./graphics/graph2503.pdf used on input line 12891.
(pdftex.def)             Requested size: 216.81pt x 139.89641pt.
 [219 <./graphics/graph2503.pdf>] [220] [221]
[222] [223] [224] <./graphics/graph2601.pdf, id=4234, 796.9775pt x 441.65pt>
File: ./graphics/graph2601.pdf Graphic file (type pdf)

<use ./graphics/graph2601.pdf>
Package pdftex.def Info: ./graphics/graph2601.pdf used on input line 13244.
(pdftex.def)             Requested size: 289.07999pt x 160.19342pt.
 [225]
<./graphics/graph2602.pdf, id=4243, 734.745pt x 497.86pt>
File: ./graphics/graph2602.pdf Graphic file (type pdf)

<use ./graphics/graph2602.pdf>
Package pdftex.def Info: ./graphics/graph2602.pdf used on input line 13256.
(pdftex.def)             Requested size: 289.07999pt x 195.88147pt.
 [226 <./graphics/graph2601.pdf> <./graphics/graph2602.pdf>] [227] [228]
<./graphics/graph2701.pdf, id=4305, 894.34125pt x 734.745pt>
File: ./graphics/graph2701.pdf Graphic file (type pdf)

<use ./graphics/graph2701.pdf>
Package pdftex.def Info: ./graphics/graph2701.pdf used on input line 13501.
(pdftex.def)             Requested size: 289.07999pt x 237.49998pt.
 [229]
<./graphics/graph2702.pdf, id=4320, 879.285pt x 742.775pt>
File: ./graphics/graph2702.pdf Graphic file (type pdf)

<use ./graphics/graph2702.pdf>
Package pdftex.def Info: ./graphics/graph2702.pdf used on input line 13518.
(pdftex.def)             Requested size: 289.07999pt x 244.19846pt.

<./graphics/graph2704.pdf, id=4321, 319.39595pt x 322.79378pt>
File: ./graphics/graph2704.pdf Graphic file (type pdf)

<use ./graphics/graph2704.pdf>
Package pdftex.def Info: ./graphics/graph2704.pdf used on input line 13542.
(pdftex.def)             Requested size: 289.07999pt x 292.17159pt.
 [230 <./graphics/graph2701.pdf>] [231 <./graphics/graph2702.pdf> <./graphics/g
raph2704.pdf>] [232] [233]
<./graphics/mathematica_code.pdf, id=4397, 476.78125pt x 529.98pt>
File: ./graphics/mathematica_code.pdf Graphic file (type pdf)

<use ./graphics/mathematica_code.pdf>
Package pdftex.def Info: ./graphics/mathematica_code.pdf used on input line 136
63.
(pdftex.def)             Requested size: 505.89pt x 562.36644pt.

Overfull \hbox (36.135pt too wide) in paragraph at lines 13663--13664
 [][] 
 []

<./graphics/graph2703.pdf, id=4400, 879.285pt x 749.80125pt>
File: ./graphics/graph2703.pdf Graphic file (type pdf)

<use ./graphics/graph2703.pdf>
Package pdftex.def Info: ./graphics/graph2703.pdf used on input line 13690.
(pdftex.def)             Requested size: 289.07999pt x 246.50845pt.
 [234] [235 <./graphics/mathematica_code.pdf>]
[236 <./graphics/graph2703.pdf>] [237]
<./graphics/sa01.pdf, id=4448, 829.0975pt x 538.01pt>
File: ./graphics/sa01.pdf Graphic file (type pdf)

<use ./graphics/sa01.pdf>
Package pdftex.def Info: ./graphics/sa01.pdf used on input line 13975.
(pdftex.def)             Requested size: 289.07999pt x 187.5839pt.
 [238 <./graphics/sa01.pdf>]
<./graphics/sa02.pdf, id=4470, 829.0975pt x 449.68pt>
File: ./graphics/sa02.pdf Graphic file (type pdf)

<use ./graphics/sa02.pdf>
Package pdftex.def Info: ./graphics/sa02.pdf used on input line 14009.
(pdftex.def)             Requested size: 289.07999pt x 156.78653pt.
 [239 <./graphics/sa02.pdf>]
<./graphics/sa03.pdf, id=4497, 829.0975pt x 449.68pt>
File: ./graphics/sa03.pdf Graphic file (type pdf)

<use ./graphics/sa03.pdf>
Package pdftex.def Info: ./graphics/sa03.pdf used on input line 14063.
(pdftex.def)             Requested size: 289.07999pt x 156.78653pt.
 [240]
<./graphics/sa04.pdf, id=4509, 829.0975pt x 449.68pt>
File: ./graphics/sa04.pdf Graphic file (type pdf)

<use ./graphics/sa04.pdf>
Package pdftex.def Info: ./graphics/sa04.pdf used on input line 14077.
(pdftex.def)             Requested size: 289.07999pt x 156.78653pt.
 [241 <./graphics/sa03.pdf> <./graphics/sa04.pdf>]
[242] [243] [244] [245] [246] [247] [248] [249] [250] [251] [252] [253]

Package hyperref Warning: Token not allowed in a PDF string (PDFDocEncoding):
(hyperref)                removing `math shift' on input line 15014.


Package hyperref Warning: Token not allowed in a PDF string (PDFDocEncoding):
(hyperref)                removing `math shift' on input line 15014.

[254] [255] [256]
<./graphics/graph3001.pdf, id=4663, 789.95125pt x 555.07375pt>
File: ./graphics/graph3001.pdf Graphic file (type pdf)

<use ./graphics/graph3001.pdf>
Package pdftex.def Info: ./graphics/graph3001.pdf used on input line 15156.
(pdftex.def)             Requested size: 216.81pt x 152.34506pt.

<./graphics/graph3002.pdf, id=4664, 789.95125pt x 555.07375pt>
File: ./graphics/graph3002.pdf Graphic file (type pdf)

<use ./graphics/graph3002.pdf>
Package pdftex.def Info: ./graphics/graph3002.pdf used on input line 15157.
(pdftex.def)             Requested size: 216.81pt x 152.34506pt.
 [257 <./graphics/graph3001.pdf> <./graphics/graph3002.pdf>] <./graphics/graph3
003.pdf, id=4699, 707.64375pt x 505.89pt>
File: ./graphics/graph3003.pdf Graphic file (type pdf)

<use ./graphics/graph3003.pdf>
Package pdftex.def Info: ./graphics/graph3003.pdf used on input line 15191.
(pdftex.def)             Requested size: 216.81pt x 154.99481pt.

<./graphics/graph3004.pdf, id=4700, 707.64375pt x 505.89pt>
File: ./graphics/graph3004.pdf Graphic file (type pdf)

<use ./graphics/graph3004.pdf>
Package pdftex.def Info: ./graphics/graph3004.pdf used on input line 15192.
(pdftex.def)             Requested size: 216.81pt x 154.99481pt.
 [258 <./graphics/graph3003.pdf> <./graphics/graph3004.pdf>] <./graphics/graph3
005.pdf, id=4736, 707.64375pt x 489.83pt>
File: ./graphics/graph3005.pdf Graphic file (type pdf)

<use ./graphics/graph3005.pdf>
Package pdftex.def Info: ./graphics/graph3005.pdf used on input line 15226.
(pdftex.def)             Requested size: 216.81pt x 150.07434pt.

<./graphics/graph3006.pdf, id=4737, 707.64375pt x 489.83pt>
File: ./graphics/graph3006.pdf Graphic file (type pdf)

<use ./graphics/graph3006.pdf>
Package pdftex.def Info: ./graphics/graph3006.pdf used on input line 15227.
(pdftex.def)             Requested size: 216.81pt x 150.07434pt.
 [259 <./graphics/graph3005.pdf> <./graphics/graph3006.pdf>] <./graphics/graph3
007.pdf, id=4773, 707.64375pt x 494.84875pt>
File: ./graphics/graph3007.pdf Graphic file (type pdf)

<use ./graphics/graph3007.pdf>
Package pdftex.def Info: ./graphics/graph3007.pdf used on input line 15261.
(pdftex.def)             Requested size: 216.81pt x 151.61198pt.

<./graphics/graph3008.pdf, id=4774, 707.64375pt x 494.84875pt>
File: ./graphics/graph3008.pdf Graphic file (type pdf)

<use ./graphics/graph3008.pdf>
Package pdftex.def Info: ./graphics/graph3008.pdf used on input line 15262.
(pdftex.def)             Requested size: 216.81pt x 151.61198pt.
 [260 <./graphics/graph3007.pdf> <./graphics/graph3008.pdf>] <./graphics/graph3
009.pdf, id=4809, 707.64375pt x 488.82625pt>
File: ./graphics/graph3009.pdf Graphic file (type pdf)

<use ./graphics/graph3009.pdf>
Package pdftex.def Info: ./graphics/graph3009.pdf used on input line 15297.
(pdftex.def)             Requested size: 216.81pt x 149.76682pt.

<./graphics/graph3010.pdf, id=4810, 707.64375pt x 488.82625pt>
File: ./graphics/graph3010.pdf Graphic file (type pdf)

<use ./graphics/graph3010.pdf>
Package pdftex.def Info: ./graphics/graph3010.pdf used on input line 15298.
(pdftex.def)             Requested size: 216.81pt x 149.76682pt.
 [261 <./graphics/graph3009.pdf> <./graphics/graph3010.pdf>] <./graphics/code.p
df, id=4844, 597.23125pt x 702.625pt>
File: ./graphics/code.pdf Graphic file (type pdf)

<use ./graphics/code.pdf>
Package pdftex.def Info: ./graphics/code.pdf used on input line 15321.
(pdftex.def)             Requested size: 397.48499pt x 467.63644pt.
 [262 <./graphics/code.pdf>] [263]
<./graphics/graph3105.pdf, id=4865, 707.64375pt x 505.89pt>
File: ./graphics/graph3105.pdf Graphic file (type pdf)

<use ./graphics/graph3105.pdf>
Package pdftex.def Info: ./graphics/graph3105.pdf used on input line 15552.
(pdftex.def)             Requested size: 180.67499pt x 129.15848pt.

<./graphics/graph3106.pdf, id=4868, 707.64375pt x 505.89pt>
File: ./graphics/graph3106.pdf Graphic file (type pdf)

<use ./graphics/graph3106.pdf>
Package pdftex.def Info: ./graphics/graph3106.pdf used on input line 15571.
(pdftex.def)             Requested size: 180.67499pt x 129.15848pt.

<./graphics/graph3107.pdf, id=4871, 707.64375pt x 456.70625pt>
File: ./graphics/graph3107.pdf Graphic file (type pdf)

<use ./graphics/graph3107.pdf>
Package pdftex.def Info: ./graphics/graph3107.pdf used on input line 15588.
(pdftex.def)             Requested size: 180.67499pt x 116.60141pt.
 [264 <./graphics/graph3105.pdf>] [265 <./graphics/graph3106.pdf> <./graphics/g
raph3107.pdf>]
<./graphics/grap39201.pdf, id=4929, 829.0975pt x 523.9575pt>
File: ./graphics/grap39201.pdf Graphic file (type pdf)

<use ./graphics/grap39201.pdf>
Package pdftex.def Info: ./graphics/grap39201.pdf used on input line 15635.
(pdftex.def)             Requested size: 289.07999pt x 182.68431pt.
 [266 <./graphics/grap39201.pdf>] [267]
<./graphics/graph3103.pdf, id=4959, 170.6375pt x 155.58125pt>
File: ./graphics/graph3103.pdf Graphic file (type pdf)

<use ./graphics/graph3103.pdf>
Package pdftex.def Info: ./graphics/graph3103.pdf used on input line 15768.
(pdftex.def)             Requested size: 180.67499pt x 164.7444pt.
 [268 <./graphics/graph3103.pdf>]
<./graphics/graph3121.pdf, id=4976, 879.285pt x 707.64375pt>
File: ./graphics/graph3121.pdf Graphic file (type pdf)

<use ./graphics/graph3121.pdf>
Package pdftex.def Info: ./graphics/graph3121.pdf used on input line 15831.
(pdftex.def)             Requested size: 180.67499pt x 145.40263pt.

<./graphics/graph3122.pdf, id=4979, 894.34125pt x 722.7pt>
File: ./graphics/graph3122.pdf Graphic file (type pdf)

<use ./graphics/graph3122.pdf>
Package pdftex.def Info: ./graphics/graph3122.pdf used on input line 15843.
(pdftex.def)             Requested size: 180.67499pt x 145.99306pt.

<./graphics/graph3102.pdf, id=4982, 163.61125pt x 146.5475pt>
File: ./graphics/graph3102.pdf Graphic file (type pdf)

<use ./graphics/graph3102.pdf>
Package pdftex.def Info: ./graphics/graph3102.pdf used on input line 15854.
(pdftex.def)             Requested size: 180.67499pt x 161.83107pt.
 [269] [270 <./graphics/graph3121.pdf> <./graphics/graph3122.pdf> <./graphics/g
raph3102.pdf>]
<./graphics/graph3104.pdf, id=5030, 144.54pt x 120.45pt>
File: ./graphics/graph3104.pdf Graphic file (type pdf)

<use ./graphics/graph3104.pdf>
Package pdftex.def Info: ./graphics/graph3104.pdf used on input line 15871.
(pdftex.def)             Requested size: 180.67499pt x 150.56946pt.

<./graphics/graph3123.pdf, id=5034, 894.34125pt x 757.83125pt>
File: ./graphics/graph3123.pdf Graphic file (type pdf)

<use ./graphics/graph3123.pdf>
Package pdftex.def Info: ./graphics/graph3123.pdf used on input line 15892.
(pdftex.def)             Requested size: 180.67499pt x 153.08995pt.
 [271 <./graphics/graph3104.pdf>] [272 <./graphics/graph3123.pdf>]
<./graphics/graph3108.pdf, id=5073, 366.36874pt x 207.77625pt>
File: ./graphics/graph3108.pdf Graphic file (type pdf)

<use ./graphics/graph3108.pdf>
Package pdftex.def Info: ./graphics/graph3108.pdf used on input line 16009.
(pdftex.def)             Requested size: 289.07999pt x 163.95436pt.

<./graphics/graph3109.pdf, id=5076, 305.14pt x 195.73125pt>
File: ./graphics/graph3109.pdf Graphic file (type pdf)

<use ./graphics/graph3109.pdf>
Package pdftex.def Info: ./graphics/graph3109.pdf used on input line 16038.
(pdftex.def)             Requested size: 289.07999pt x 185.4359pt.
 [273 <./graphics/graph3108.pdf>]
<./graphics/graph3110.pdf, id=5093, 415.5525pt x 180.675pt>
File: ./graphics/graph3110.pdf Graphic file (type pdf)

<use ./graphics/graph3110.pdf>
Package pdftex.def Info: ./graphics/graph3110.pdf used on input line 16056.
(pdftex.def)             Requested size: 289.07999pt x 125.69142pt.
 [274 <./graphics/graph3109.pdf> <./graphics/graph3110.pdf>] [275] <./graphics/
graph3111.pdf, id=5119, 441.65pt x 112.42pt>
File: ./graphics/graph3111.pdf Graphic file (type pdf)

<use ./graphics/graph3111.pdf>
Package pdftex.def Info: ./graphics/graph3111.pdf used on input line 16125.
(pdftex.def)             Requested size: 289.07999pt x 73.58675pt.

<./graphics/graph3112.pdf, id=5124, 182.6825pt x 105.39375pt>
File: ./graphics/graph3112.pdf Graphic file (type pdf)

<use ./graphics/graph3112.pdf>
Package pdftex.def Info: ./graphics/graph3112.pdf used on input line 16147.
(pdftex.def)             Requested size: 289.07999pt x 166.8001pt.
 [276 <./graphics/graph3111.pdf>] [277 <./graphics/graph3112.pdf>]

LaTeX Font Warning: Font shape `U/wasy/b/n' in size <7> not available
(Font)              Font shape `U/wasy/m/n' tried instead on input line 16256.

<./graphics/example3201.pdf, id=5153, 188.705pt x 356.33125pt>
File: ./graphics/example3201.pdf Graphic file (type pdf)

<use ./graphics/example3201.pdf>
Package pdftex.def Info: ./graphics/example3201.pdf used on input line 16260.
(pdftex.def)             Requested size: 144.54pt x 272.93504pt.

<./graphics/graph3203.pdf, id=5156, 879.285pt x 749.80125pt>
File: ./graphics/graph3203.pdf Graphic file (type pdf)

<use ./graphics/graph3203.pdf>
Package pdftex.def Info: ./graphics/graph3203.pdf used on input line 16273.
(pdftex.def)             Requested size: 361.34999pt x 308.12985pt.
 [278 <./graphics/example3201.pdf>]
<./graphics/window32.pdf, id=5186, 819.06pt x 149.55875pt>
File: ./graphics/window32.pdf Graphic file (type pdf)

<use ./graphics/window32.pdf>
Package pdftex.def Info: ./graphics/window32.pdf used on input line 16296.
(pdftex.def)             Requested size: 433.62pt x 79.17903pt.
 [279 <./graphics/graph3203.pdf>]
<./graphics/graph3201.pdf, id=5207, 707.64375pt x 505.89pt>
File: ./graphics/graph3201.pdf Graphic file (type pdf)

<use ./graphics/graph3201.pdf>
Package pdftex.def Info: ./graphics/graph3201.pdf used on input line 16310.
(pdftex.def)             Requested size: 216.81pt x 154.99481pt.

<./graphics/graph3202.pdf, id=5210, 707.64375pt x 494.84875pt>
File: ./graphics/graph3202.pdf Graphic file (type pdf)

<use ./graphics/graph3202.pdf>
Package pdftex.def Info: ./graphics/graph3202.pdf used on input line 16326.
(pdftex.def)             Requested size: 216.81pt x 151.61198pt.
 [280 <./graphics/window32.pdf> <./graphics/graph3201.pdf>] [281 <./graphics/gr
aph3202.pdf>]
This exam contains 385 questions with 151 parts, 0 subparts, and 0 subsubparts.

This exam has a total of 0 points.
This exam has a total of 0 bonus points.
Package atveryend Info: Empty hook `BeforeClearDocument' on input line 16348.
Package atveryend Info: Empty hook `AfterLastShipout' on input line 16348.
(./mth.121.fall.2013.aux)
Package atveryend Info: Executing hook `AtVeryEndDocument' on input line 16348.

Package atveryend Info: Executing hook `AtEndAfterFileList' on input line 16348
.
Package rerunfilecheck Info: File `mth.121.fall.2013.out' has not changed.
(rerunfilecheck)             Checksum: 4AEB26DFB203512B31017F351E2E5E21;15058.


LaTeX Warning: There were multiply-defined labels.

Package atveryend Info: Empty hook `AtVeryVeryEnd' on input line 16348.
 ) 
Here is how much of TeX's memory you used:
 10966 strings out of 493311
 156585 string characters out of 6137851
 233167 words of memory out of 5000000
 12812 multiletter control sequences out of 15000+600000
 18166 words of font info for 71 fonts, out of 8000000 for 9000
 957 hyphenation exceptions out of 8191
 31i,15n,37p,1165b,725s stack positions out of 5000i,500n,10000p,200000b,80000s
pdfTeX warning (dest): name{Hfootnote.104} has been referenced but does not e
xist, replaced by a fixed one

pdfTeX warning (dest): name{Hfootnote.95} has been referenced but does not exis
t, replaced by a fixed one

pdfTeX warning (dest): name{Hfootnote.87} has been referenced but does not exis
t, replaced by a fixed one

pdfTeX warning (dest): name{Hfootnote.77} has been referenced but does not exis
t, replaced by a fixed one

pdfTeX warning (dest): name{Hfootnote.74} has been referenced but does not exis
t, replaced by a fixed one

</usr/local/texlive/2013/texmf-dist/fonts/type1/public/amsfonts/cm/cmbx10.pfb><
/usr/local/texlive/2013/texmf-dist/fonts/type1/public/amsfonts/cm/cmbx12.pfb></
usr/local/texlive/2013/texmf-dist/fonts/type1/public/amsfonts/cm/cmex10.pfb></u
sr/local/texlive/2013/texmf-dist/fonts/type1/public/amsfonts/cm/cmmi10.pfb></us
r/local/texlive/2013/texmf-dist/fonts/type1/public/amsfonts/cm/cmmi12.pfb></usr
/local/texlive/2013/texmf-dist/fonts/type1/public/amsfonts/cm/cmmi6.pfb></usr/l
ocal/texlive/2013/texmf-dist/fonts/type1/public/amsfonts/cm/cmmi7.pfb></usr/loc
al/texlive/2013/texmf-dist/fonts/type1/public/amsfonts/cm/cmmi8.pfb></usr/local
/texlive/2013/texmf-dist/fonts/type1/public/amsfonts/cm/cmmib10.pfb></usr/local
/texlive/2013/texmf-dist/fonts/type1/public/amsfonts/cm/cmr10.pfb></usr/local/t
exlive/2013/texmf-dist/fonts/type1/public/amsfonts/cm/cmr12.pfb></usr/local/tex
live/2013/texmf-dist/fonts/type1/public/amsfonts/cm/cmr5.pfb></usr/local/texliv
e/2013/texmf-dist/fonts/type1/public/amsfonts/cm/cmr6.pfb></usr/local/texlive/2
013/texmf-dist/fonts/type1/public/amsfonts/cm/cmr7.pfb></usr/local/texlive/2013
/texmf-dist/fonts/type1/public/amsfonts/cm/cmr8.pfb></usr/local/texlive/2013/te
xmf-dist/fonts/type1/public/amsfonts/cm/cmsy10.pfb></usr/local/texlive/2013/tex
mf-dist/fonts/type1/public/amsfonts/cm/cmsy6.pfb></usr/local/texlive/2013/texmf
-dist/fonts/type1/public/amsfonts/cm/cmsy7.pfb></usr/local/texlive/2013/texmf-d
ist/fonts/type1/public/amsfonts/cm/cmsy8.pfb></usr/local/texlive/2013/texmf-dis
t/fonts/type1/public/amsfonts/cm/cmti10.pfb></usr/local/texlive/2013/texmf-dist
/fonts/type1/public/amsfonts/cm/cmti12.pfb></usr/local/texlive/2013/texmf-dist/
fonts/type1/public/amsfonts/cm/cmtt10.pfb></usr/local/texlive/2013/texmf-dist/f
onts/type1/public/amsfonts/cm/cmtt12.pfb></usr/local/texlive/2013/texmf-dist/fo
nts/type1/public/amsfonts/symbols/msbm10.pfb>
Output written on mth.121.fall.2013.pdf (281 pages, 12326094 bytes).
PDF statistics:
 5633 PDF objects out of 6186 (max. 8388607)
 4773 compressed objects within 48 object streams
 1385 named destinations out of 1440 (max. 500000)
 2413 words of extra memory for PDF output out of 10000 (max. 10000000)

