\BOOKMARK [1][-]{section.1}{Review}{}% 1
\BOOKMARK [1][-]{section.2}{Course Web Page}{}% 2
\BOOKMARK [1][-]{section.3}{This Guide}{}% 3
\BOOKMARK [1][-]{section.4}{mth.121.01.00}{}% 4
\BOOKMARK [2][-]{subsection.4.1}{Diagnostic Review}{section.4}% 5
\BOOKMARK [2][-]{subsection.4.2}{Examples}{section.4}% 6
\BOOKMARK [2][-]{subsection.4.3}{Assignment}{section.4}% 7
\BOOKMARK [1][-]{section.5}{mth.121.02.01}{}% 8
\BOOKMARK [2][-]{subsection.5.1}{Tangents and Secants}{section.5}% 9
\BOOKMARK [2][-]{subsection.5.2}{Examples}{section.5}% 10
\BOOKMARK [2][-]{subsection.5.3}{Assignment}{section.5}% 11
\BOOKMARK [1][-]{section.6}{mth.121.02.02}{}% 12
\BOOKMARK [2][-]{subsection.6.1}{Introductory Limits}{section.6}% 13
\BOOKMARK [3][-]{subsubsection.6.1.1}{Calculating Limits}{subsection.6.1}% 14
\BOOKMARK [2][-]{subsection.6.2}{Examples}{section.6}% 15
\BOOKMARK [2][-]{subsection.6.3}{Assignment}{section.6}% 16
\BOOKMARK [1][-]{section.7}{mth.121.02.03}{}% 17
\BOOKMARK [2][-]{subsection.7.1}{Calculating Limits}{section.7}% 18
\BOOKMARK [3][-]{subsubsection.7.1.1}{Limit Laws}{subsection.7.1}% 19
\BOOKMARK [2][-]{subsection.7.2}{Examples}{section.7}% 20
\BOOKMARK [2][-]{subsection.7.3}{Assignment}{section.7}% 21
\BOOKMARK [1][-]{section.8}{mth.121.02.04}{}% 22
\BOOKMARK [2][-]{subsection.8.1}{Continuity}{section.8}% 23
\BOOKMARK [2][-]{subsection.8.2}{Examples}{section.8}% 24
\BOOKMARK [2][-]{subsection.8.3}{Assignment}{section.8}% 25
\BOOKMARK [1][-]{section.9}{mth.121.02.05}{}% 26
\BOOKMARK [2][-]{subsection.9.1}{Algebraic Manipulation and Reason!}{section.9}% 27
\BOOKMARK [2][-]{subsection.9.2}{Examples}{section.9}% 28
\BOOKMARK [2][-]{subsection.9.3}{Assignment}{section.9}% 29
\BOOKMARK [1][-]{section.10}{mth.121.02.06}{}% 30
\BOOKMARK [2][-]{subsection.10.1}{Trigonometric Limits}{section.10}% 31
\BOOKMARK [3][-]{subsubsection.10.1.1}{Squeeze Theorem}{subsection.10.1}% 32
\BOOKMARK [3][-]{subsubsection.10.1.2}{An Important Case!}{subsection.10.1}% 33
\BOOKMARK [2][-]{subsection.10.2}{Examples}{section.10}% 34
\BOOKMARK [2][-]{subsection.10.3}{Assignment}{section.10}% 35
\BOOKMARK [1][-]{section.11}{mth.121.02.07}{}% 36
\BOOKMARK [2][-]{subsection.11.1}{Calculating Limits at Infinity}{section.11}% 37
\BOOKMARK [3][-]{subsubsection.11.1.1}{Review}{subsection.11.1}% 38
\BOOKMARK [3][-]{subsubsection.11.1.2}{More Review}{subsection.11.1}% 39
\BOOKMARK [2][-]{subsection.11.2}{Examples}{section.11}% 40
\BOOKMARK [2][-]{subsection.11.3}{Assignment}{section.11}% 41
\BOOKMARK [1][-]{section.12}{mth.121.02.08}{}% 42
\BOOKMARK [2][-]{subsection.12.1}{Intermediate Value Theorem}{section.12}% 43
\BOOKMARK [2][-]{subsection.12.2}{Examples}{section.12}% 44
\BOOKMARK [2][-]{subsection.12.3}{Assignment}{section.12}% 45
\BOOKMARK [1][-]{section.13}{mth.121.03.01}{}% 46
\BOOKMARK [2][-]{subsection.13.1}{The Derivative}{section.13}% 47
\BOOKMARK [3][-]{subsubsection.13.1.1}{Slope of Tangent Lines}{subsection.13.1}% 48
\BOOKMARK [3][-]{subsubsection.13.1.2}{Alternative Method}{subsection.13.1}% 49
\BOOKMARK [3][-]{subsubsection.13.1.3}{The Derivative at a Point}{subsection.13.1}% 50
\BOOKMARK [3][-]{subsubsection.13.1.4}{The Derivative as a Function}{subsection.13.1}% 51
\BOOKMARK [2][-]{subsection.13.2}{Examples}{section.13}% 52
\BOOKMARK [2][-]{subsection.13.3}{Assignment}{section.13}% 53
\BOOKMARK [1][-]{section.14}{mth.121.03.02}{}% 54
\BOOKMARK [2][-]{subsection.14.1}{Finding Derivatives}{section.14}% 55
\BOOKMARK [3][-]{subsubsection.14.1.1}{Constants}{subsection.14.1}% 56
\BOOKMARK [3][-]{subsubsection.14.1.2}{Power Rule}{subsection.14.1}% 57
\BOOKMARK [3][-]{subsubsection.14.1.3}{Other Simple Rules}{subsection.14.1}% 58
\BOOKMARK [3][-]{subsubsection.14.1.4}{Exponential Functions}{subsection.14.1}% 59
\BOOKMARK [3][-]{subsubsection.14.1.5}{Derivatives of Exponential Functions}{subsection.14.1}% 60
\BOOKMARK [3][-]{subsubsection.14.1.6}{Generalized Power Rule}{subsection.14.1}% 61
\BOOKMARK [2][-]{subsection.14.2}{Examples}{section.14}% 62
\BOOKMARK [2][-]{subsection.14.3}{Assignment}{section.14}% 63
\BOOKMARK [1][-]{section.15}{mth.121.03.03}{}% 64
\BOOKMARK [2][-]{subsection.15.1}{Product and Quotient Rules}{section.15}% 65
\BOOKMARK [3][-]{subsubsection.15.1.1}{Product Rule}{subsection.15.1}% 66
\BOOKMARK [3][-]{subsubsection.15.1.2}{Quotient Rule}{subsection.15.1}% 67
\BOOKMARK [2][-]{subsection.15.2}{Examples}{section.15}% 68
\BOOKMARK [2][-]{subsection.15.3}{Assignment}{section.15}% 69
\BOOKMARK [1][-]{section.16}{mth.121.03.04}{}% 70
\BOOKMARK [2][-]{subsection.16.1}{Rates of Change}{section.16}% 71
\BOOKMARK [3][-]{subsubsection.16.1.1}{Velocity}{subsection.16.1}% 72
\BOOKMARK [3][-]{subsubsection.16.1.2}{Rates in General}{subsection.16.1}% 73
\BOOKMARK [2][-]{subsection.16.2}{Examples}{section.16}% 74
\BOOKMARK [2][-]{subsection.16.3}{Assignment}{section.16}% 75
\BOOKMARK [1][-]{section.17}{mth.121.03.05}{}% 76
\BOOKMARK [2][-]{subsection.17.1}{Higher Order Derivatives}{section.17}% 77
\BOOKMARK [2][-]{subsection.17.2}{Examples}{section.17}% 78
\BOOKMARK [2][-]{subsection.17.3}{Assignment}{section.17}% 79
\BOOKMARK [1][-]{section.18}{mth.121.03.06}{}% 80
\BOOKMARK [2][-]{subsection.18.1}{Trigonometric Derivatives}{section.18}% 81
\BOOKMARK [3][-]{subsubsection.18.1.1}{The Derivative of Sine}{subsection.18.1}% 82
\BOOKMARK [2][-]{subsection.18.2}{Examples}{section.18}% 83
\BOOKMARK [2][-]{subsection.18.3}{Assignment}{section.18}% 84
\BOOKMARK [1][-]{section.19}{mth.121.03.07}{}% 85
\BOOKMARK [2][-]{subsection.19.1}{The Chain Rule}{section.19}% 86
\BOOKMARK [3][-]{subsubsection.19.1.1}{Local Linearization}{subsection.19.1}% 87
\BOOKMARK [2][-]{subsection.19.2}{Examples}{section.19}% 88
\BOOKMARK [2][-]{subsection.19.3}{Assignment}{section.19}% 89
\BOOKMARK [1][-]{section.20}{mth.121.03.08}{}% 90
\BOOKMARK [2][-]{subsection.20.1}{Derivatives of Inverse Functions}{section.20}% 91
\BOOKMARK [3][-]{subsubsection.20.1.1}{Trigonometric Functions}{subsection.20.1}% 92
\BOOKMARK [2][-]{subsection.20.2}{Finding the Derivatives of Inverse Trigonometric Functions}{section.20}% 93
\BOOKMARK [2][-]{subsection.20.3}{Examples}{section.20}% 94
\BOOKMARK [2][-]{subsection.20.4}{Assignment}{section.20}% 95
\BOOKMARK [1][-]{section.21}{mth.121.03.09}{}% 96
\BOOKMARK [2][-]{subsection.21.1}{Logarithmic Functions}{section.21}% 97
\BOOKMARK [3][-]{subsubsection.21.1.1}{Derivatives of Natural Logarithmic Functions}{subsection.21.1}% 98
\BOOKMARK [3][-]{subsubsection.21.1.2}{Other Bases?}{subsection.21.1}% 99
\BOOKMARK [2][-]{subsection.21.2}{Examples}{section.21}% 100
\BOOKMARK [2][-]{subsection.21.3}{Assignment}{section.21}% 101
\BOOKMARK [2][-]{subsection.21.4}{Hyperbolic Functions [Optional Material]}{section.21}% 102
\BOOKMARK [3][-]{subsubsection.21.4.1}{Some Questions? [Optional Material]}{subsection.21.4}% 103
\BOOKMARK [3][-]{subsubsection.21.4.2}{Inverses [Optional Material]}{subsection.21.4}% 104
\BOOKMARK [3][-]{subsubsection.21.4.3}{What You May Need to Know? [Optional Material]}{subsection.21.4}% 105
\BOOKMARK [3][-]{subsubsection.21.4.4}{Examples [Optional Material]}{subsection.21.4}% 106
\BOOKMARK [1][-]{section.22}{mth.121.03.10}{}% 107
\BOOKMARK [2][-]{subsection.22.1}{Implicit Differention}{section.22}% 108
\BOOKMARK [3][-]{subsubsection.22.1.1}{A Simple Visual Example}{subsection.22.1}% 109
\BOOKMARK [2][-]{subsection.22.2}{Finding Derivatives Implicitly}{section.22}% 110
\BOOKMARK [2][-]{subsection.22.3}{Examples}{section.22}% 111
\BOOKMARK [2][-]{subsection.22.4}{Assignment}{section.22}% 112
\BOOKMARK [1][-]{section.23}{mth.121.03.11}{}% 113
\BOOKMARK [2][-]{subsection.23.1}{Word Problems}{section.23}% 114
\BOOKMARK [3][-]{subsubsection.23.1.1}{Vexing Non-Calculus Examples [Optional Material]}{subsection.23.1}% 115
\BOOKMARK [3][-]{subsubsection.23.1.2}{Guidelines For Solving Related-Rate Word Problems}{subsection.23.1}% 116
\BOOKMARK [2][-]{subsection.23.2}{Examples}{section.23}% 117
\BOOKMARK [2][-]{subsection.23.3}{Assignment}{section.23}% 118
\BOOKMARK [1][-]{section.24}{mth.121.04.01}{}% 119
\BOOKMARK [2][-]{subsection.24.1}{Linear Approximations and Differentials}{section.24}% 120
\BOOKMARK [3][-]{subsubsection.24.1.1}{Visual Approach}{subsection.24.1}% 121
\BOOKMARK [3][-]{subsubsection.24.1.2}{Linearization}{subsection.24.1}% 122
\BOOKMARK [3][-]{subsubsection.24.1.3}{Differentials}{subsection.24.1}% 123
\BOOKMARK [2][-]{subsection.24.2}{Examples}{section.24}% 124
\BOOKMARK [2][-]{subsection.24.3}{Assignment}{section.24}% 125
\BOOKMARK [1][-]{section.25}{mth.121.04.02}{}% 126
\BOOKMARK [2][-]{subsection.25.1}{Important Features of f}{section.25}% 127
\BOOKMARK [2][-]{subsection.25.2}{Definitions and Theorems}{section.25}% 128
\BOOKMARK [2][-]{subsection.25.3}{Examples}{section.25}% 129
\BOOKMARK [2][-]{subsection.25.4}{Assignment}{section.25}% 130
\BOOKMARK [1][-]{section.26}{mth.121.04.03}{}% 131
\BOOKMARK [2][-]{subsection.26.1}{Let's Continue \203}{section.26}% 132
\BOOKMARK [2][-]{subsection.26.2}{Let's Summarize}{section.26}% 133
\BOOKMARK [2][-]{subsection.26.3}{Examples}{section.26}% 134
\BOOKMARK [2][-]{subsection.26.4}{Assignment}{section.26}% 135
\BOOKMARK [1][-]{section.27}{mth.121.04.04}{}% 136
\BOOKMARK [2][-]{subsection.27.1}{Let's Continue \203}{section.27}% 137
\BOOKMARK [2][-]{subsection.27.2}{Examples}{section.27}% 138
\BOOKMARK [2][-]{subsection.27.3}{Assignment}{section.27}% 139
\BOOKMARK [1][-]{section.28}{mth.121.04.05}{}% 140
\BOOKMARK [2][-]{subsection.28.1}{l'H\364pital's Rule}{section.28}% 141
\BOOKMARK [2][-]{subsection.28.2}{An Example Limit}{section.28}% 142
\BOOKMARK [2][-]{subsection.28.3}{Examples}{section.28}% 143
\BOOKMARK [2][-]{subsection.28.4}{Assignment}{section.28}% 144
\BOOKMARK [1][-]{section.29}{mth.121.04.06}{}% 145
\BOOKMARK [2][-]{subsection.29.1}{Curve Sketching}{section.29}% 146
\BOOKMARK [2][-]{subsection.29.2}{Examples}{section.29}% 147
\BOOKMARK [2][-]{subsection.29.3}{Assignment}{section.29}% 148
\BOOKMARK [1][-]{section.30}{mth.121.04.07}{}% 149
\BOOKMARK [2][-]{subsection.30.1}{Optimization and Modeling}{section.30}% 150
\BOOKMARK [2][-]{subsection.30.2}{Examples}{section.30}% 151
\BOOKMARK [2][-]{subsection.30.3}{Assignment}{section.30}% 152
\BOOKMARK [1][-]{section.31}{mth.121.04.08}{}% 153
\BOOKMARK [2][-]{subsection.31.1}{Newton's Method}{section.31}% 154
\BOOKMARK [2][-]{subsection.31.2}{A Very Simple Example}{section.31}% 155
\BOOKMARK [2][-]{subsection.31.3}{Visual Demonstartion}{section.31}% 156
\BOOKMARK [2][-]{subsection.31.4}{Examples}{section.31}% 157
\BOOKMARK [2][-]{subsection.31.5}{Assignment}{section.31}% 158
\BOOKMARK [1][-]{section.32}{mth.121.04.09}{}% 159
\BOOKMARK [2][-]{subsection.32.1}{Antiderivatives}{section.32}% 160
\BOOKMARK [2][-]{subsection.32.2}{Checking the Antiderivatives}{section.32}% 161
\BOOKMARK [2][-]{subsection.32.3}{Examples}{section.32}% 162
\BOOKMARK [2][-]{subsection.32.4}{Assignment}{section.32}% 163
\BOOKMARK [1][-]{section.33}{mth.121.05.01}{}% 164
\BOOKMARK [2][-]{subsection.33.1}{Introduction to Areas}{section.33}% 165
\BOOKMARK [2][-]{subsection.33.2}{Area}{section.33}% 166
\BOOKMARK [2][-]{subsection.33.3}{The Definite Integral}{section.33}% 167
\BOOKMARK [2][-]{subsection.33.4}{Examples}{section.33}% 168
\BOOKMARK [2][-]{subsection.33.5}{Assignment}{section.33}% 169
\BOOKMARK [1][-]{section.34}{mth.121.05.02}{}% 170
\BOOKMARK [2][-]{subsection.34.1}{Visual Approach to Integration}{section.34}% 171
\BOOKMARK [3][-]{subsubsection.34.1.1}{Computing Signed Areas}{subsection.34.1}% 172
\BOOKMARK [3][-]{subsubsection.34.1.2}{Riemann Sums}{subsection.34.1}% 173
\BOOKMARK [2][-]{subsection.34.2}{Examples}{section.34}% 174
\BOOKMARK [2][-]{subsection.34.3}{Assignment}{section.34}% 175
\BOOKMARK [1][-]{section.35}{mth.121.05.03}{}% 176
\BOOKMARK [2][-]{subsection.35.1}{The Fundamental Theorems of Calculus \(FTC\)}{section.35}% 177
\BOOKMARK [3][-]{subsubsection.35.1.1}{FTC Part I}{subsection.35.1}% 178
\BOOKMARK [3][-]{subsubsection.35.1.2}{FTC Part II}{subsection.35.1}% 179
\BOOKMARK [3][-]{subsubsection.35.1.3}{Making Sense Out of the FTC, Part I}{subsection.35.1}% 180
\BOOKMARK [2][-]{subsection.35.2}{Examples}{section.35}% 181
\BOOKMARK [2][-]{subsection.35.3}{Assignment}{section.35}% 182
\BOOKMARK [1][-]{section.36}{mth.121.05.04}{}% 183
\BOOKMARK [2][-]{subsection.36.1}{FTC II}{section.36}% 184
\BOOKMARK [2][-]{subsection.36.2}{Examples}{section.36}% 185
\BOOKMARK [2][-]{subsection.36.3}{Assignment}{section.36}% 186
\BOOKMARK [1][-]{section.37}{mth.121.05.05}{}% 187
\BOOKMARK [2][-]{subsection.37.1}{Net Change as the Integral of Rate}{section.37}% 188
\BOOKMARK [2][-]{subsection.37.2}{Examples}{section.37}% 189
\BOOKMARK [2][-]{subsection.37.3}{Assignment}{section.37}% 190
\BOOKMARK [1][-]{section.38}{mth.121.05.06}{}% 191
\BOOKMARK [2][-]{subsection.38.1}{Integration}{section.38}% 192
\BOOKMARK [3][-]{subsubsection.38.1.1}{Recognition}{subsection.38.1}% 193
\BOOKMARK [3][-]{subsubsection.38.1.2}{u-Substitution in Action!}{subsection.38.1}% 194
\BOOKMARK [2][-]{subsection.38.2}{Examples}{section.38}% 195
\BOOKMARK [3][-]{subsubsection.38.2.1}{Mathematica Code}{subsection.38.2}% 196
\BOOKMARK [2][-]{subsection.38.3}{Assignment}{section.38}% 197
\BOOKMARK [1][-]{section.39}{mth.121.06.01}{}% 198
\BOOKMARK [2][-]{subsection.39.1}{Applications of Integration I}{section.39}% 199
\BOOKMARK [3][-]{subsubsection.39.1.1}{Area Between Curves}{subsection.39.1}% 200
\BOOKMARK [2][-]{subsection.39.2}{Examples}{section.39}% 201
\BOOKMARK [2][-]{subsection.39.3}{Assignment}{section.39}% 202
\BOOKMARK [1][-]{section.40}{mth.121.06.02}{}% 203
\BOOKMARK [2][-]{subsection.40.1}{Applications of Integration II}{section.40}% 204
\BOOKMARK [3][-]{subsubsection.40.1.1}{Volumes Part I}{subsection.40.1}% 205
\BOOKMARK [3][-]{subsubsection.40.1.2}{Average Value of a Data Set}{subsection.40.1}% 206
\BOOKMARK [3][-]{subsubsection.40.1.3}{Average Value of a Function}{subsection.40.1}% 207
\BOOKMARK [2][-]{subsection.40.2}{Examples}{section.40}% 208
\BOOKMARK [2][-]{subsection.40.3}{Assignment}{section.40}% 209
\BOOKMARK [1][-]{section.41}{mth.121.06.03}{}% 210
\BOOKMARK [2][-]{subsection.41.1}{Volumes of Revolutions}{section.41}% 211
\BOOKMARK [3][-]{subsubsection.41.1.1}{Method of Disks/Washers}{subsection.41.1}% 212
\BOOKMARK [2][-]{subsection.41.2}{Examples}{section.41}% 213
\BOOKMARK [2][-]{subsection.41.3}{Assignment}{section.41}% 214
\BOOKMARK [1][-]{section.42}{mth.121.06.04}{}% 215
\BOOKMARK [2][-]{subsection.42.1}{Volumes of Revolutions}{section.42}% 216
\BOOKMARK [3][-]{subsubsection.42.1.1}{The Method of Cylindrical Shells}{subsection.42.1}% 217
\BOOKMARK [2][-]{subsection.42.2}{Examples}{section.42}% 218
\BOOKMARK [2][-]{subsection.42.3}{Assignment}{section.42}% 219
\BOOKMARK [1][-]{section.43}{How to Present [Optional Material]}{}% 220
\BOOKMARK [2][-]{subsection.43.1}{The Art of LaTeX2e}{section.43}% 221
\BOOKMARK [2][-]{subsection.43.2}{An Example}{section.43}% 222
\BOOKMARK [2][-]{subsection.43.3}{Another Example}{section.43}% 223
\BOOKMARK [2][-]{subsection.43.4}{Got LaTeX?}{section.43}% 224
